Using pre-set license
Built from '6000.1/staging' branch; Version is '6000.1.10f1 (3c681a6c22ff) revision 3958810'; Using compiler version '194234433'; Build Type 'Release'
OS: 'Windows 11  (10.0.26100) 64bit CoreSingleLanguage' Language: 'en' Physical Memory: 15724 MB
BatchMode: 1, IsHumanControllingUs: 0, StartBugReporterOnCrash: 0, Is64bit: 1, IsPro: 1
Date: 2025-10-18T15:56:43Z

COMMAND LINE ARGUMENTS:
C:\Program Files\Unity\Hub\Editor\6000.1.10f1\Editor\Unity.exe
-adb2
-batchMode
-noUpm
-name
AssetImportWorker6
-projectPath
C:/Users/kan/ปลายv2
-logFile
Logs/AssetImportWorker6.log
-srvPort
50159
-job-worker-count
7
-background-job-worker-count
8
-gc-helper-count
1
-name
AssetImport
Successfully changed project path to: C:/Users/kan/ปลายv2
C:/Users/kan/ปลายv2
[UnityMemory] Configuration Parameters - Can be set up in boot.config
    "memorysetup-allocator-temp-initial-block-size-main=262144"
    "memorysetup-allocator-temp-initial-block-size-worker=262144"
    "memorysetup-bucket-allocator-granularity=16"
    "memorysetup-bucket-allocator-bucket-count=8"
    "memorysetup-bucket-allocator-block-size=33554432"
    "memorysetup-bucket-allocator-block-count=8"
    "memorysetup-main-allocator-block-size=16777216"
    "memorysetup-thread-allocator-block-size=16777216"
    "memorysetup-gfx-main-allocator-block-size=16777216"
    "memorysetup-gfx-thread-allocator-block-size=16777216"
    "memorysetup-cache-allocator-block-size=4194304"
    "memorysetup-typetree-allocator-block-size=2097152"
    "memorysetup-profiler-bucket-allocator-granularity=16"
    "memorysetup-profiler-bucket-allocator-bucket-count=8"
    "memorysetup-profiler-bucket-allocator-block-size=33554432"
    "memorysetup-profiler-bucket-allocator-block-count=8"
    "memorysetup-profiler-allocator-block-size=16777216"
    "memorysetup-profiler-editor-allocator-block-size=1048576"
    "memorysetup-temp-allocator-size-main=16777216"
    "memorysetup-job-temp-allocator-block-size=2097152"
    "memorysetup-job-temp-allocator-block-size-background=1048576"
    "memorysetup-job-temp-allocator-reduction-small-platforms=262144"
    "memorysetup-temp-allocator-size-background-worker=32768"
    "memorysetup-temp-allocator-size-job-worker=262144"
    "memorysetup-temp-allocator-size-preload-manager=33554432"
    "memorysetup-temp-allocator-size-nav-mesh-worker=65536"
    "memorysetup-temp-allocator-size-audio-worker=65536"
    "memorysetup-temp-allocator-size-cloud-worker=32768"
    "memorysetup-temp-allocator-size-gi-baking-worker=262144"
    "memorysetup-temp-allocator-size-gi-baking-worker=262144"
    "memorysetup-temp-allocator-size-gi-baking-worker=262144"
    "memorysetup-temp-allocator-size-gi-baking-worker=262144"
    "memorysetup-temp-allocator-size-gi-baking-worker=262144"
    "memorysetup-temp-allocator-size-gfx=262144"
Player connection [22720]  Target information:

Player connection [22720]  * "[IP] 26.195.73.118 [Port] 0 [Flags] 2 [Guid] 2796912048 [EditorId] 2796912048 [Version] 1048832 [Id] WindowsEditor(7,DESKTOP-56MI629) [Debug] 1 [PackageName] WindowsEditor [ProjectName] Editor" 

Player connection [22720]  * "[IP] 192.168.1.107 [Port] 0 [Flags] 2 [Guid] 2796912048 [EditorId] 2796912048 [Version] 1048832 [Id] WindowsEditor(7,DESKTOP-56MI629) [Debug] 1 [PackageName] WindowsEditor [ProjectName] Editor" 

Player connection [22720] Host joined multi-casting on [225.0.0.222:54997]...
Player connection [22720] Host joined alternative multi-casting on [225.0.0.222:34997]...
JobSystem: Creating JobQueue using job-worker-count value 7
Input System module state changed to: Initialized.
[Physics::Module] Initialized fallback backend.
[Physics::Module] Id: 0xdecafbad
Library Redirect Path: Library/
[Physics::Module] Selected backend.
[Physics::Module] Name: PhysX
[Physics::Module] Id: 0xf2b8ea05
[Physics::Module] SDK Version: 4.1.2
[Physics::Module] Integration Version: 1.0.0
[Physics::Module] Threading Mode: Multi-Threaded
Refreshing native plugins compatible for Editor in 3.54 ms, found 3 plugins.
Preloading 0 native plugins for Editor in 0.00 ms.
Initialize engine version: 6000.1.10f1 (3c681a6c22ff)
[Subsystems] Discovering subsystems at path C:/Program Files/Unity/Hub/Editor/6000.1.10f1/Editor/Data/Resources/UnitySubsystems
[Subsystems] Discovering subsystems at path C:/Users/kan/ปลายv2/Assets
GfxDevice: creating device client; kGfxThreadingModeNonThreaded
Direct3D:
    Version:  Direct3D 11.0 [level 11.1]
    Renderer: NVIDIA GeForce RTX 3060 Laptop GPU (ID=0x2520)
    Vendor:   NVIDIA
    VRAM:     5996 MB
    Driver:   32.0.15.8129
Initialize mono
Mono path[0] = 'C:/Program Files/Unity/Hub/Editor/6000.1.10f1/Editor/Data/Managed'
Mono path[1] = 'C:/Program Files/Unity/Hub/Editor/6000.1.10f1/Editor/Data/MonoBleedingEdge/lib/mono/unityjit-win32'
Mono config path = 'C:/Program Files/Unity/Hub/Editor/6000.1.10f1/Editor/Data/MonoBleedingEdge/etc'
Using monoOptions --debugger-agent=transport=dt_socket,embedding=1,server=y,suspend=n,address=127.0.0.1:56560
Begin MonoManager ReloadAssembly
Registering precompiled unity dll's ...
Register platform support module: C:/Program Files/Unity/Hub/Editor/6000.1.10f1/Editor/Data/PlaybackEngines/WindowsStandaloneSupport/UnityEditor.WindowsStandalone.Extensions.dll
Register platform support module: C:/Program Files/Unity/Hub/Editor/6000.1.10f1/Editor/Data/PlaybackEngines/AndroidPlayer/UnityEditor.Android.Extensions.dll
Registered in 0.003069 seconds.
- Loaded All Assemblies, in  0.441 seconds
Native extension for Android target not found
Android Extension - Scanning For ADB Devices 258 ms
Native extension for WindowsStandalone target not found
Mono: successfully reloaded assembly
- Finished resetting the current domain, in  0.668 seconds
Domain Reload Profiling: 1105ms
	BeginReloadAssembly (153ms)
		ExecutionOrderSort (0ms)
		DisableScriptedObjects (0ms)
		BackupInstance (0ms)
		ReleaseScriptingObjects (0ms)
		CreateAndSetChildDomain (1ms)
	RebuildCommonClasses (42ms)
	RebuildNativeTypeToScriptingClass (13ms)
	initialDomainReloadingComplete (56ms)
	LoadAllAssembliesAndSetupDomain (173ms)
		LoadAssemblies (149ms)
		RebuildTransferFunctionScriptingTraits (0ms)
		AnalyzeDomain (169ms)
			TypeCache.Refresh (167ms)
				TypeCache.ScanAssembly (152ms)
			BuildScriptInfoCaches (0ms)
			ResolveRequiredComponents (1ms)
	FinalizeReload (669ms)
		ReleaseScriptCaches (0ms)
		RebuildScriptCaches (0ms)
		SetupLoadedEditorAssemblies (622ms)
			LogAssemblyErrors (0ms)
			InitializePlatformSupportModulesInManaged (363ms)
			SetLoadedEditorAssemblies (4ms)
			BeforeProcessingInitializeOnLoad (64ms)
			ProcessInitializeOnLoadAttributes (127ms)
			ProcessInitializeOnLoadMethodAttributes (64ms)
			AfterProcessingInitializeOnLoad (0ms)
			EditorAssembliesLoaded (0ms)
		ExecutionOrderSort2 (0ms)
		AwakeInstancesAfterBackupRestoration (0ms)
========================================================================
Worker process is ready to serve import requests
Import Worker Mode flag is 0x00
Begin MonoManager ReloadAssembly
- Loaded All Assemblies, in  0.803 seconds
Refreshing native plugins compatible for Editor in 1.51 ms, found 3 plugins.
Native extension for Android target not found
Native extension for WindowsStandalone target not found
Mono: successfully reloaded assembly
- Finished resetting the current domain, in  0.603 seconds
Domain Reload Profiling: 1400ms
	BeginReloadAssembly (213ms)
		ExecutionOrderSort (0ms)
		DisableScriptedObjects (8ms)
		BackupInstance (0ms)
		ReleaseScriptingObjects (0ms)
		CreateAndSetChildDomain (35ms)
	RebuildCommonClasses (43ms)
	RebuildNativeTypeToScriptingClass (13ms)
	initialDomainReloadingComplete (48ms)
	LoadAllAssembliesAndSetupDomain (479ms)
		LoadAssemblies (368ms)
		RebuildTransferFunctionScriptingTraits (0ms)
		AnalyzeDomain (236ms)
			TypeCache.Refresh (195ms)
				TypeCache.ScanAssembly (177ms)
			BuildScriptInfoCaches (30ms)
			ResolveRequiredComponents (5ms)
	FinalizeReload (603ms)
		ReleaseScriptCaches (0ms)
		RebuildScriptCaches (0ms)
		SetupLoadedEditorAssemblies (471ms)
			LogAssemblyErrors (0ms)
			InitializePlatformSupportModulesInManaged (11ms)
			SetLoadedEditorAssemblies (4ms)
			BeforeProcessingInitializeOnLoad (105ms)
			ProcessInitializeOnLoadAttributes (313ms)
			ProcessInitializeOnLoadMethodAttributes (31ms)
			AfterProcessingInitializeOnLoad (7ms)
			EditorAssembliesLoaded (0ms)
		ExecutionOrderSort2 (0ms)
		AwakeInstancesAfterBackupRestoration (7ms)
Launched and connected shader compiler UnityShaderCompiler.exe after 0.02 seconds
Refreshing native plugins compatible for Editor in 1.46 ms, found 3 plugins.
Preloading 0 native plugins for Editor in 0.00 ms.
Unloading 8 Unused Serialized files (Serialized files now loaded: 0)
Unloading 3423 unused Assets / (1.0 MB). Loaded Objects now: 3914.
Memory consumption went from 81.1 MB to 80.1 MB.
Total: 7.941700 ms (FindLiveObjects: 0.549700 ms CreateObjectMapping: 0.335400 ms MarkObjects: 6.101100 ms  DeleteObjects: 0.951400 ms)

========================================================================
Received Import Request.
  Time since last request: 190135.957136 seconds.
  path: Assets/Prototype Collection/Assets/FBX/Channelizing/Channelizing_1_lod01.fbx
  artifactKey: Guid(b8aa45654110f6145a0d0d5c7435436e) Importer(815301076,1909f56bfc062723c751e8b465ee728b)
Start importing Assets/Prototype Collection/Assets/FBX/Channelizing/Channelizing_1_lod01.fbx using Guid(b8aa45654110f6145a0d0d5c7435436e) Importer(815301076,1909f56bfc062723c751e8b465ee728b) (PreviewImporter) -> (artifact id: '937f20459654786e436b2f03658d4d77') in 0.1856136 seconds
Number of updated asset objects reloaded before import = 0Number of asset objects unloaded after import = 14

========================================================================
Received Import Request.
  Time since last request: 1.498324 seconds.
  path: Assets/Prototype Collection/Assets/FBX/Cone/Cone_lod01.fbx
  artifactKey: Guid(60ebb7a09ddbb774c87aea2bc31f3e70) Importer(815301076,1909f56bfc062723c751e8b465ee728b)
Start importing Assets/Prototype Collection/Assets/FBX/Cone/Cone_lod01.fbx using Guid(60ebb7a09ddbb774c87aea2bc31f3e70) Importer(815301076,1909f56bfc062723c751e8b465ee728b) (PreviewImporter) -> (artifact id: 'f58112d49816540107d153c5566d701b') in 0.0236164 seconds
Number of updated asset objects reloaded before import = 0Number of asset objects unloaded after import = 7

========================================================================
Received Import Request.
  Time since last request: 0.000021 seconds.
  path: Assets/Prototype Collection/Assets/FBX/Cone/Cone_lod03.fbx
  artifactKey: Guid(550ed2e33d881a049842ea379078d4cd) Importer(815301076,1909f56bfc062723c751e8b465ee728b)
Start importing Assets/Prototype Collection/Assets/FBX/Cone/Cone_lod03.fbx using Guid(550ed2e33d881a049842ea379078d4cd) Importer(815301076,1909f56bfc062723c751e8b465ee728b) (PreviewImporter) -> (artifact id: '5c4cc83d6526f1b14c0103dbe576cc5f') in 0.0228692 seconds
Number of updated asset objects reloaded before import = 0Number of asset objects unloaded after import = 7

========================================================================
Received Import Request.
  Time since last request: 16.553782 seconds.
  path: Assets/Prototype Collection/Assets/Textures/Cone/Cone_Clean_MaskMap.png
  artifactKey: Guid(a3b5d1bfd8a460347bf18034e54a4b58) Importer(815301076,1909f56bfc062723c751e8b465ee728b)
Start importing Assets/Prototype Collection/Assets/Textures/Cone/Cone_Clean_MaskMap.png using Guid(a3b5d1bfd8a460347bf18034e54a4b58) Importer(815301076,1909f56bfc062723c751e8b465ee728b) (PreviewImporter) -> (artifact id: 'b2f346fbec72d5fa5e16952fac4150b0') in 0.52995 seconds
Number of updated asset objects reloaded before import = 0Number of asset objects unloaded after import = 2

========================================================================
Received Import Request.
  Time since last request: 0.000044 seconds.
  path: Assets/Prototype Collection/Assets/Textures/Cone/Cone_Used_MaskMap.png
  artifactKey: Guid(b8b0bb56b52c274429490a98f48b876d) Importer(815301076,1909f56bfc062723c751e8b465ee728b)
Start importing Assets/Prototype Collection/Assets/Textures/Cone/Cone_Used_MaskMap.png using Guid(b8b0bb56b52c274429490a98f48b876d) Importer(815301076,1909f56bfc062723c751e8b465ee728b) (PreviewImporter) -> (artifact id: '2ca48e16bbff8768c9cea978f580e9c7') in 0.3157419 seconds
Number of updated asset objects reloaded before import = 0Number of asset objects unloaded after import = 2

========================================================================
Received Import Request.
  Time since last request: 0.000034 seconds.
  path: Assets/Prototype Collection/Assets/Textures/Cone/Cone_Old_BaseColor.png
  artifactKey: Guid(cee1293d216f8864f83e5b7dd128f3fc) Importer(815301076,1909f56bfc062723c751e8b465ee728b)
Start importing Assets/Prototype Collection/Assets/Textures/Cone/Cone_Old_BaseColor.png using Guid(cee1293d216f8864f83e5b7dd128f3fc) Importer(815301076,1909f56bfc062723c751e8b465ee728b) (PreviewImporter) -> (artifact id: '83fd3b61db70621c75a2716da888e9f5') in 0.3396017 seconds
Number of updated asset objects reloaded before import = 0Number of asset objects unloaded after import = 2

========================================================================
Received Import Request.
  Time since last request: 0.000037 seconds.
  path: Assets/Prototype Collection/Assets/Textures/Cone/Cone_Used_Scattering.png
  artifactKey: Guid(f4d302f8fa9c7154cb3865373cc0f002) Importer(815301076,1909f56bfc062723c751e8b465ee728b)
Start importing Assets/Prototype Collection/Assets/Textures/Cone/Cone_Used_Scattering.png using Guid(f4d302f8fa9c7154cb3865373cc0f002) Importer(815301076,1909f56bfc062723c751e8b465ee728b) (PreviewImporter) -> (artifact id: 'c71ae17f18f0e5bf56565cb05fc8326d') in 0.2562794 seconds
Number of updated asset objects reloaded before import = 0Number of asset objects unloaded after import = 2

========================================================================
Received Import Request.
  Time since last request: 225.640043 seconds.
  path: Assets/Prototype Collection/Assets/FBX/Cone/Cone_lod0.fbx
  artifactKey: Guid(34034874906e3ca499d49bed4e02cbb6) Importer(815301076,1909f56bfc062723c751e8b465ee728b)
Start importing Assets/Prototype Collection/Assets/FBX/Cone/Cone_lod0.fbx using Guid(34034874906e3ca499d49bed4e02cbb6) Importer(815301076,1909f56bfc062723c751e8b465ee728b) (PreviewImporter) -> (artifact id: '8b6fc0622fa5dc2bb506c681fcaaa210') in 0.0245211 seconds
Number of updated asset objects reloaded before import = 0Number of asset objects unloaded after import = 7

========================================================================
Received Import Request.
  Time since last request: 116.601787 seconds.
  path: Assets/prefabe/Tile2.prefab
  artifactKey: Guid(2d41a6559041e3e45abf334a15c0a908) Importer(815301076,1909f56bfc062723c751e8b465ee728b)
Start importing Assets/prefabe/Tile2.prefab using Guid(2d41a6559041e3e45abf334a15c0a908) Importer(815301076,1909f56bfc062723c751e8b465ee728b) (PreviewImporter) -> (artifact id: '3cb80238cbeb5201a8761487cbc89105') in 0.0302706 seconds
Number of updated asset objects reloaded before import = 0Number of asset objects unloaded after import = 18

========================================================================
Received Import Request.
  Time since last request: 22.578644 seconds.
  path: Assets/prefabe/Tile2.prefab
  artifactKey: Guid(2d41a6559041e3e45abf334a15c0a908) Importer(815301076,1909f56bfc062723c751e8b465ee728b)
Start importing Assets/prefabe/Tile2.prefab using Guid(2d41a6559041e3e45abf334a15c0a908) Importer(815301076,1909f56bfc062723c751e8b465ee728b) (PreviewImporter) -> (artifact id: '08933a67bd3d8f9b799741a563537348') in 0.1842995 seconds
Number of updated asset objects reloaded before import = 0Number of asset objects unloaded after import = 30

========================================================================
Received Import Request.
  Time since last request: 284.277377 seconds.
  path: Assets/prefabe/Tile3 Variant.prefab
  artifactKey: Guid(cb7415318e496744390824b563253cbc) Importer(815301076,1909f56bfc062723c751e8b465ee728b)
Start importing Assets/prefabe/Tile3 Variant.prefab using Guid(cb7415318e496744390824b563253cbc) Importer(815301076,1909f56bfc062723c751e8b465ee728b) (PreviewImporter) -> (artifact id: 'b94668c8b7daf32127db2b874187cb36') in 0.185192 seconds
Number of updated asset objects reloaded before import = 0Number of asset objects unloaded after import = 54

========================================================================
Received Import Request.
  Time since last request: 67.881800 seconds.
  path: Assets/prefabe/Tile4 Variant.prefab
  artifactKey: Guid(d178fe5ff8619e5409f3dbe591304383) Importer(815301076,1909f56bfc062723c751e8b465ee728b)
Start importing Assets/prefabe/Tile4 Variant.prefab using Guid(d178fe5ff8619e5409f3dbe591304383) Importer(815301076,1909f56bfc062723c751e8b465ee728b) (PreviewImporter) -> (artifact id: 'a8edd15cde80724314cfe2e063191dbb') in 0.1534862 seconds
Number of updated asset objects reloaded before import = 0Number of asset objects unloaded after import = 82

========================================================================
Received Import Request.
  Time since last request: 164.366803 seconds.
  path: Assets/Prototype Collection/Assets/Textures/Blocks
  artifactKey: Guid(0b24722dcc49cf24ba9fd1c8034da9b1) Importer(815301076,1909f56bfc062723c751e8b465ee728b)
Start importing Assets/Prototype Collection/Assets/Textures/Blocks using Guid(0b24722dcc49cf24ba9fd1c8034da9b1) Importer(815301076,1909f56bfc062723c751e8b465ee728b) (PreviewImporter) -> (artifact id: 'eafc5c825b79d6f727401547d33d7046') in 0.0008655 seconds
Number of updated asset objects reloaded before import = 0Number of asset objects unloaded after import = 0

========================================================================
Received Import Request.
  Time since last request: 0.071693 seconds.
  path: Assets/Prototype Collection/Assets/Textures/Blocks/Block_Barrier_1_Bare_BaseColor.png
  artifactKey: Guid(a597b73322c4aba45bfef858ae5dcf3e) Importer(815301076,1909f56bfc062723c751e8b465ee728b)
Start importing Assets/Prototype Collection/Assets/Textures/Blocks/Block_Barrier_1_Bare_BaseColor.png using Guid(a597b73322c4aba45bfef858ae5dcf3e) Importer(815301076,1909f56bfc062723c751e8b465ee728b) (PreviewImporter) -> (artifact id: '0938ff69c9598788105f2bb5397e90fa') in 0.2904045 seconds
Number of updated asset objects reloaded before import = 0Number of asset objects unloaded after import = 2

========================================================================
Received Import Request.
  Time since last request: 0.000027 seconds.
  path: Assets/Prototype Collection/Assets/Textures/Blocks/Block_Trim_Bare_Normal.png
  artifactKey: Guid(19e706cd48ab750468a948dd09d81051) Importer(815301076,1909f56bfc062723c751e8b465ee728b)
Start importing Assets/Prototype Collection/Assets/Textures/Blocks/Block_Trim_Bare_Normal.png using Guid(19e706cd48ab750468a948dd09d81051) Importer(815301076,1909f56bfc062723c751e8b465ee728b) (PreviewImporter) -> (artifact id: 'd9a8ee4494e04c8daf1fbff23185a330') in 0.275881 seconds
Number of updated asset objects reloaded before import = 0Number of asset objects unloaded after import = 2

========================================================================
Received Import Request.
  Time since last request: 0.000051 seconds.
  path: Assets/Prototype Collection/Assets/Textures/Blocks/Block_Cube_YellowStripes_Normal.png
  artifactKey: Guid(a4010e5cd15a1634cac4e1215561cc97) Importer(815301076,1909f56bfc062723c751e8b465ee728b)
Start importing Assets/Prototype Collection/Assets/Textures/Blocks/Block_Cube_YellowStripes_Normal.png using Guid(a4010e5cd15a1634cac4e1215561cc97) Importer(815301076,1909f56bfc062723c751e8b465ee728b) (PreviewImporter) -> (artifact id: 'dc2589adbe7f4fa57e50ea8a643d3dc9') in 0.2385833 seconds
Number of updated asset objects reloaded before import = 0Number of asset objects unloaded after import = 2

========================================================================
Received Import Request.
  Time since last request: 0.000029 seconds.
  path: Assets/Prototype Collection/Assets/Textures/Blocks/Block_Barrier_1_RedStrips_Normal.png
  artifactKey: Guid(94e1851fdbbffe549ade98f752c25595) Importer(815301076,1909f56bfc062723c751e8b465ee728b)
Start importing Assets/Prototype Collection/Assets/Textures/Blocks/Block_Barrier_1_RedStrips_Normal.png using Guid(94e1851fdbbffe549ade98f752c25595) Importer(815301076,1909f56bfc062723c751e8b465ee728b) (PreviewImporter) -> (artifact id: 'c43f0cfad16fcfd4295f4f38a2a2ec1c') in 0.2472996 seconds
Number of updated asset objects reloaded before import = 0Number of asset objects unloaded after import = 2

========================================================================
Received Import Request.
  Time since last request: 0.000056 seconds.
  path: Assets/Prototype Collection/Assets/Textures/Blocks/Block_Barrier_2_Bare_MaskMap.png
  artifactKey: Guid(3490b6fcd8c1aa849bda77b9a1a05efd) Importer(815301076,1909f56bfc062723c751e8b465ee728b)
Start importing Assets/Prototype Collection/Assets/Textures/Blocks/Block_Barrier_2_Bare_MaskMap.png using Guid(3490b6fcd8c1aa849bda77b9a1a05efd) Importer(815301076,1909f56bfc062723c751e8b465ee728b) (PreviewImporter) -> (artifact id: '0a12beb3290ff7f6eecbf8386362b287') in 0.2577737 seconds
Number of updated asset objects reloaded before import = 0Number of asset objects unloaded after import = 2

========================================================================
Received Import Request.
  Time since last request: 0.000028 seconds.
  path: Assets/Prototype Collection/Assets/Textures/Blocks/Block_Barrier_2_RedStrips_BaseColor.png
  artifactKey: Guid(c9063d7593340974aad66fa42ea4b9c5) Importer(815301076,1909f56bfc062723c751e8b465ee728b)
Start importing Assets/Prototype Collection/Assets/Textures/Blocks/Block_Barrier_2_RedStrips_BaseColor.png using Guid(c9063d7593340974aad66fa42ea4b9c5) Importer(815301076,1909f56bfc062723c751e8b465ee728b) (PreviewImporter) -> (artifact id: '2c3695ed07f3d4f1a7e80f4ee848fa87') in 0.219976 seconds
Number of updated asset objects reloaded before import = 0Number of asset objects unloaded after import = 2

========================================================================
Received Import Request.
  Time since last request: 0.000076 seconds.
  path: Assets/Prototype Collection/Assets/Textures/Blocks/Block_Barrier_2_RedStrips_Normal.png
  artifactKey: Guid(5bea66aa737a5d442b08d4799f0d4cf2) Importer(815301076,1909f56bfc062723c751e8b465ee728b)
Start importing Assets/Prototype Collection/Assets/Textures/Blocks/Block_Barrier_2_RedStrips_Normal.png using Guid(5bea66aa737a5d442b08d4799f0d4cf2) Importer(815301076,1909f56bfc062723c751e8b465ee728b) (PreviewImporter) -> (artifact id: '9c02425dc56537a051a40eef62ea5f7d') in 0.2287611 seconds
Number of updated asset objects reloaded before import = 0Number of asset objects unloaded after import = 2

========================================================================
Received Import Request.
  Time since last request: 0.000045 seconds.
  path: Assets/Prototype Collection/Assets/Textures/Blocks/Block_Cube_YellowStripes_MaskMap.png
  artifactKey: Guid(f134073e022f0ee4da69245897793ff0) Importer(815301076,1909f56bfc062723c751e8b465ee728b)
Start importing Assets/Prototype Collection/Assets/Textures/Blocks/Block_Cube_YellowStripes_MaskMap.png using Guid(f134073e022f0ee4da69245897793ff0) Importer(815301076,1909f56bfc062723c751e8b465ee728b) (PreviewImporter) -> (artifact id: '0ad3016bdc08d8ac4a5cbf121645e732') in 0.0641887 seconds
Number of updated asset objects reloaded before import = 0Number of asset objects unloaded after import = 2

========================================================================
Received Import Request.
  Time since last request: 0.000039 seconds.
  path: Assets/Prototype Collection/Assets/Textures/Blocks/Block_Barrier_2_YellowStrips_BaseColor.png
  artifactKey: Guid(3c151ec6a9e369a4782c1b7bdc197929) Importer(815301076,1909f56bfc062723c751e8b465ee728b)
Start importing Assets/Prototype Collection/Assets/Textures/Blocks/Block_Barrier_2_YellowStrips_BaseColor.png using Guid(3c151ec6a9e369a4782c1b7bdc197929) Importer(815301076,1909f56bfc062723c751e8b465ee728b) (PreviewImporter) -> (artifact id: 'e8df90290c00cf502cbe8111e9231579') in 0.1912599 seconds
Number of updated asset objects reloaded before import = 0Number of asset objects unloaded after import = 2

========================================================================
Received Import Request.
  Time since last request: 0.000025 seconds.
  path: Assets/Prototype Collection/Assets/Textures/Blocks/Block_Barrier_1_RedStrips_BaseColor.png
  artifactKey: Guid(f23c5b006b99d254f91b1d546d940bde) Importer(815301076,1909f56bfc062723c751e8b465ee728b)
Start importing Assets/Prototype Collection/Assets/Textures/Blocks/Block_Barrier_1_RedStrips_BaseColor.png using Guid(f23c5b006b99d254f91b1d546d940bde) Importer(815301076,1909f56bfc062723c751e8b465ee728b) (PreviewImporter) -> (artifact id: 'a221552a4c1cca84942632790344b7e1') in 0.2599965 seconds
Number of updated asset objects reloaded before import = 0Number of asset objects unloaded after import = 2

========================================================================
Received Import Request.
  Time since last request: 0.000068 seconds.
  path: Assets/Prototype Collection/Assets/Textures/Blocks/Block_Cube_Bare_MaskMap.png
  artifactKey: Guid(333d4a7930e534346b6bc1b553a34c8c) Importer(815301076,1909f56bfc062723c751e8b465ee728b)
Start importing Assets/Prototype Collection/Assets/Textures/Blocks/Block_Cube_Bare_MaskMap.png using Guid(333d4a7930e534346b6bc1b553a34c8c) Importer(815301076,1909f56bfc062723c751e8b465ee728b) (PreviewImporter) -> (artifact id: '0a792aae982eca7b038b28386ab372f5') in 0.0929054 seconds
Number of updated asset objects reloaded before import = 0Number of asset objects unloaded after import = 2

========================================================================
Received Import Request.
  Time since last request: 0.000062 seconds.
  path: Assets/Prototype Collection/Assets/Textures/Blocks/Block_Cube_YellowStripes_BaseColor.png
  artifactKey: Guid(dec331e7abba9ca4f8d68f412f2a6707) Importer(815301076,1909f56bfc062723c751e8b465ee728b)
Start importing Assets/Prototype Collection/Assets/Textures/Blocks/Block_Cube_YellowStripes_BaseColor.png using Guid(dec331e7abba9ca4f8d68f412f2a6707) Importer(815301076,1909f56bfc062723c751e8b465ee728b) (PreviewImporter) -> (artifact id: 'd08c1537c2530ffe51d2fc603548bd05') in 0.0695394 seconds
Number of updated asset objects reloaded before import = 0Number of asset objects unloaded after import = 2

========================================================================
Received Import Request.
  Time since last request: 0.000046 seconds.
  path: Assets/Prototype Collection/Assets/Textures/Blocks/Block_Cube_RedStripes_Normal.png
  artifactKey: Guid(5e89a52e813156343af9859e7a2d717f) Importer(815301076,1909f56bfc062723c751e8b465ee728b)
Start importing Assets/Prototype Collection/Assets/Textures/Blocks/Block_Cube_RedStripes_Normal.png using Guid(5e89a52e813156343af9859e7a2d717f) Importer(815301076,1909f56bfc062723c751e8b465ee728b) (PreviewImporter) -> (artifact id: '1c8a60d3e630c071ed1c75bc588f7037') in 0.2286847 seconds
Number of updated asset objects reloaded before import = 0Number of asset objects unloaded after import = 2

========================================================================
Received Import Request.
  Time since last request: 0.000034 seconds.
  path: Assets/Prototype Collection/Assets/Textures/Blocks/Block_Barrier_1_YellowStrips_Normal.png
  artifactKey: Guid(d21bc8946882b8e4fbfde16f49086ec9) Importer(815301076,1909f56bfc062723c751e8b465ee728b)
Start importing Assets/Prototype Collection/Assets/Textures/Blocks/Block_Barrier_1_YellowStrips_Normal.png using Guid(d21bc8946882b8e4fbfde16f49086ec9) Importer(815301076,1909f56bfc062723c751e8b465ee728b) (PreviewImporter) -> (artifact id: '3dedf76aafc67156393d37a73b1b730c') in 0.3311498 seconds
Number of updated asset objects reloaded before import = 0Number of asset objects unloaded after import = 2

========================================================================
Received Import Request.
  Time since last request: 0.000086 seconds.
  path: Assets/Prototype Collection/Assets/Textures/Blocks/Block_Parking_Bare_MaskMap.png
  artifactKey: Guid(8a974d92976601b46b787e110d9c7476) Importer(815301076,1909f56bfc062723c751e8b465ee728b)
Start importing Assets/Prototype Collection/Assets/Textures/Blocks/Block_Parking_Bare_MaskMap.png using Guid(8a974d92976601b46b787e110d9c7476) Importer(815301076,1909f56bfc062723c751e8b465ee728b) (PreviewImporter) -> (artifact id: '4ec1ab5238db9e8ec75c9c3323392130') in 0.0648023 seconds
Number of updated asset objects reloaded before import = 0Number of asset objects unloaded after import = 2

========================================================================
Received Import Request.
  Time since last request: 0.000026 seconds.
  path: Assets/Prototype Collection/Assets/Textures/Blocks/Block_Cube_Bare_Normal.png
  artifactKey: Guid(2157d289f14a6db40ae706bd9096ffc3) Importer(815301076,1909f56bfc062723c751e8b465ee728b)
Start importing Assets/Prototype Collection/Assets/Textures/Blocks/Block_Cube_Bare_Normal.png using Guid(2157d289f14a6db40ae706bd9096ffc3) Importer(815301076,1909f56bfc062723c751e8b465ee728b) (PreviewImporter) -> (artifact id: '676b3e04cdf2b451cc88ff406ee3d033') in 0.2267307 seconds
Number of updated asset objects reloaded before import = 0Number of asset objects unloaded after import = 2

========================================================================
Received Import Request.
  Time since last request: 0.000027 seconds.
  path: Assets/Prototype Collection/Assets/Textures/Blocks/Block_Parking_YellowStripes_BaseColor.png
  artifactKey: Guid(f116b547fafa9114c9bd51786b2a9926) Importer(815301076,1909f56bfc062723c751e8b465ee728b)
Start importing Assets/Prototype Collection/Assets/Textures/Blocks/Block_Parking_YellowStripes_BaseColor.png using Guid(f116b547fafa9114c9bd51786b2a9926) Importer(815301076,1909f56bfc062723c751e8b465ee728b) (PreviewImporter) -> (artifact id: 'cd8490c5027e744d9d78381169e9c815') in 0.0544117 seconds
Number of updated asset objects reloaded before import = 0Number of asset objects unloaded after import = 2

========================================================================
Received Import Request.
  Time since last request: 0.000068 seconds.
  path: Assets/Prototype Collection/Assets/Textures/Blocks/Block_Barrier_1_Bare_Normal.png
  artifactKey: Guid(c262646f443adb24cb9a6c3c4997a382) Importer(815301076,1909f56bfc062723c751e8b465ee728b)
Start importing Assets/Prototype Collection/Assets/Textures/Blocks/Block_Barrier_1_Bare_Normal.png using Guid(c262646f443adb24cb9a6c3c4997a382) Importer(815301076,1909f56bfc062723c751e8b465ee728b) (PreviewImporter) -> (artifact id: 'a9959a7d0751401212d0f71907340813') in 0.233097 seconds
Number of updated asset objects reloaded before import = 0Number of asset objects unloaded after import = 2

========================================================================
Received Import Request.
  Time since last request: 0.000268 seconds.
  path: Assets/Prototype Collection/Assets/Textures/Blocks/Block_Parking_Bare_Normal.png
  artifactKey: Guid(6a57a5405a346534f91e7ae1561b25ed) Importer(815301076,1909f56bfc062723c751e8b465ee728b)
Start importing Assets/Prototype Collection/Assets/Textures/Blocks/Block_Parking_Bare_Normal.png using Guid(6a57a5405a346534f91e7ae1561b25ed) Importer(815301076,1909f56bfc062723c751e8b465ee728b) (PreviewImporter) -> (artifact id: 'a59ce5d1c6767c6bfddbf985c3e6dcef') in 0.1533379 seconds
Number of updated asset objects reloaded before import = 0Number of asset objects unloaded after import = 2

Editor requested this worker to shutdown with reason: Scaling down because of idle timeout
AssetImportWorker is now disconnected from the server
Process exiting
Exiting without the bug reporter. Application will terminate with return code 0