Using pre-set license
Built from '6000.1/staging' branch; Version is '6000.1.10f1 (3c681a6c22ff) revision 3958810'; Using compiler version '194234433'; Build Type 'Release'
OS: 'Windows 11  (10.0.26100) 64bit CoreSingleLanguage' Language: 'en' Physical Memory: 15724 MB
BatchMode: 1, IsHumanControllingUs: 0, StartBugReporterOnCrash: 0, Is64bit: 1, IsPro: 1
Date: 2025-10-18T16:13:27Z

COMMAND LINE ARGUMENTS:
C:\Program Files\Unity\Hub\Editor\6000.1.10f1\Editor\Unity.exe
-adb2
-batchMode
-noUpm
-name
AssetImportWorker10
-projectPath
C:/Users/kan/ปลายv2
-logFile
Logs/AssetImportWorker10.log
-srvPort
50159
-job-worker-count
7
-background-job-worker-count
8
-gc-helper-count
1
-name
AssetImport
Successfully changed project path to: C:/Users/kan/ปลายv2
C:/Users/kan/ปลายv2
[UnityMemory] Configuration Parameters - Can be set up in boot.config
    "memorysetup-allocator-temp-initial-block-size-main=262144"
    "memorysetup-allocator-temp-initial-block-size-worker=262144"
    "memorysetup-bucket-allocator-granularity=16"
    "memorysetup-bucket-allocator-bucket-count=8"
    "memorysetup-bucket-allocator-block-size=33554432"
    "memorysetup-bucket-allocator-block-count=8"
    "memorysetup-main-allocator-block-size=16777216"
    "memorysetup-thread-allocator-block-size=16777216"
    "memorysetup-gfx-main-allocator-block-size=16777216"
    "memorysetup-gfx-thread-allocator-block-size=16777216"
    "memorysetup-cache-allocator-block-size=4194304"
    "memorysetup-typetree-allocator-block-size=2097152"
    "memorysetup-profiler-bucket-allocator-granularity=16"
    "memorysetup-profiler-bucket-allocator-bucket-count=8"
    "memorysetup-profiler-bucket-allocator-block-size=33554432"
    "memorysetup-profiler-bucket-allocator-block-count=8"
    "memorysetup-profiler-allocator-block-size=16777216"
    "memorysetup-profiler-editor-allocator-block-size=1048576"
    "memorysetup-temp-allocator-size-main=16777216"
    "memorysetup-job-temp-allocator-block-size=2097152"
    "memorysetup-job-temp-allocator-block-size-background=1048576"
    "memorysetup-job-temp-allocator-reduction-small-platforms=262144"
    "memorysetup-temp-allocator-size-background-worker=32768"
    "memorysetup-temp-allocator-size-job-worker=262144"
    "memorysetup-temp-allocator-size-preload-manager=33554432"
    "memorysetup-temp-allocator-size-nav-mesh-worker=65536"
    "memorysetup-temp-allocator-size-audio-worker=65536"
    "memorysetup-temp-allocator-size-cloud-worker=32768"
    "memorysetup-temp-allocator-size-gi-baking-worker=262144"
    "memorysetup-temp-allocator-size-gi-baking-worker=262144"
    "memorysetup-temp-allocator-size-gi-baking-worker=262144"
    "memorysetup-temp-allocator-size-gi-baking-worker=262144"
    "memorysetup-temp-allocator-size-gi-baking-worker=262144"
    "memorysetup-temp-allocator-size-gfx=262144"
Player connection [13328]  Target information:

Player connection [13328]  * "[IP] 26.195.73.118 [Port] 0 [Flags] 2 [Guid] 423809069 [EditorId] 423809069 [Version] 1048832 [Id] WindowsEditor(7,DESKTOP-56MI629) [Debug] 1 [PackageName] WindowsEditor [ProjectName] Editor" 

Player connection [13328]  * "[IP] 192.168.1.107 [Port] 0 [Flags] 2 [Guid] 423809069 [EditorId] 423809069 [Version] 1048832 [Id] WindowsEditor(7,DESKTOP-56MI629) [Debug] 1 [PackageName] WindowsEditor [ProjectName] Editor" 

Player connection [13328] Host joined multi-casting on [225.0.0.222:54997]...
Player connection [13328] Host joined alternative multi-casting on [225.0.0.222:34997]...
JobSystem: Creating JobQueue using job-worker-count value 7
Input System module state changed to: Initialized.
[Physics::Module] Initialized fallback backend.
[Physics::Module] Id: 0xdecafbad
Library Redirect Path: Library/
[Physics::Module] Selected backend.
[Physics::Module] Name: PhysX
[Physics::Module] Id: 0xf2b8ea05
[Physics::Module] SDK Version: 4.1.2
[Physics::Module] Integration Version: 1.0.0
[Physics::Module] Threading Mode: Multi-Threaded
Refreshing native plugins compatible for Editor in 2.77 ms, found 3 plugins.
Preloading 0 native plugins for Editor in 0.00 ms.
Initialize engine version: 6000.1.10f1 (3c681a6c22ff)
[Subsystems] Discovering subsystems at path C:/Program Files/Unity/Hub/Editor/6000.1.10f1/Editor/Data/Resources/UnitySubsystems
[Subsystems] Discovering subsystems at path C:/Users/kan/ปลายv2/Assets
GfxDevice: creating device client; kGfxThreadingModeNonThreaded
Direct3D:
    Version:  Direct3D 11.0 [level 11.1]
    Renderer: NVIDIA GeForce RTX 3060 Laptop GPU (ID=0x2520)
    Vendor:   NVIDIA
    VRAM:     5996 MB
    Driver:   32.0.15.8129
Initialize mono
Mono path[0] = 'C:/Program Files/Unity/Hub/Editor/6000.1.10f1/Editor/Data/Managed'
Mono path[1] = 'C:/Program Files/Unity/Hub/Editor/6000.1.10f1/Editor/Data/MonoBleedingEdge/lib/mono/unityjit-win32'
Mono config path = 'C:/Program Files/Unity/Hub/Editor/6000.1.10f1/Editor/Data/MonoBleedingEdge/etc'
Using monoOptions --debugger-agent=transport=dt_socket,embedding=1,server=y,suspend=n,address=127.0.0.1:56832
Begin MonoManager ReloadAssembly
Registering precompiled unity dll's ...
Register platform support module: C:/Program Files/Unity/Hub/Editor/6000.1.10f1/Editor/Data/PlaybackEngines/WindowsStandaloneSupport/UnityEditor.WindowsStandalone.Extensions.dll
Register platform support module: C:/Program Files/Unity/Hub/Editor/6000.1.10f1/Editor/Data/PlaybackEngines/AndroidPlayer/UnityEditor.Android.Extensions.dll
Registered in 0.003777 seconds.
- Loaded All Assemblies, in  0.456 seconds
Native extension for Android target not found
Android Extension - Scanning For ADB Devices 279 ms
Native extension for WindowsStandalone target not found
Mono: successfully reloaded assembly
- Finished resetting the current domain, in  0.685 seconds
Domain Reload Profiling: 1137ms
	BeginReloadAssembly (147ms)
		ExecutionOrderSort (0ms)
		DisableScriptedObjects (0ms)
		BackupInstance (0ms)
		ReleaseScriptingObjects (0ms)
		CreateAndSetChildDomain (1ms)
	RebuildCommonClasses (46ms)
	RebuildNativeTypeToScriptingClass (13ms)
	initialDomainReloadingComplete (62ms)
	LoadAllAssembliesAndSetupDomain (184ms)
		LoadAssemblies (144ms)
		RebuildTransferFunctionScriptingTraits (0ms)
		AnalyzeDomain (180ms)
			TypeCache.Refresh (179ms)
				TypeCache.ScanAssembly (166ms)
			BuildScriptInfoCaches (0ms)
			ResolveRequiredComponents (0ms)
	FinalizeReload (685ms)
		ReleaseScriptCaches (0ms)
		RebuildScriptCaches (0ms)
		SetupLoadedEditorAssemblies (643ms)
			LogAssemblyErrors (0ms)
			InitializePlatformSupportModulesInManaged (383ms)
			SetLoadedEditorAssemblies (4ms)
			BeforeProcessingInitializeOnLoad (58ms)
			ProcessInitializeOnLoadAttributes (128ms)
			ProcessInitializeOnLoadMethodAttributes (68ms)
			AfterProcessingInitializeOnLoad (0ms)
			EditorAssembliesLoaded (0ms)
		ExecutionOrderSort2 (0ms)
		AwakeInstancesAfterBackupRestoration (0ms)
========================================================================
Worker process is ready to serve import requests
Import Worker Mode flag is 0x00
Begin MonoManager ReloadAssembly
- Loaded All Assemblies, in  0.690 seconds
Refreshing native plugins compatible for Editor in 1.36 ms, found 3 plugins.
Native extension for Android target not found
Native extension for WindowsStandalone target not found
Mono: successfully reloaded assembly
- Finished resetting the current domain, in  0.581 seconds
Domain Reload Profiling: 1266ms
	BeginReloadAssembly (195ms)
		ExecutionOrderSort (0ms)
		DisableScriptedObjects (7ms)
		BackupInstance (0ms)
		ReleaseScriptingObjects (0ms)
		CreateAndSetChildDomain (35ms)
	RebuildCommonClasses (37ms)
	RebuildNativeTypeToScriptingClass (11ms)
	initialDomainReloadingComplete (40ms)
	LoadAllAssembliesAndSetupDomain (401ms)
		LoadAssemblies (315ms)
		RebuildTransferFunctionScriptingTraits (0ms)
		AnalyzeDomain (192ms)
			TypeCache.Refresh (162ms)
				TypeCache.ScanAssembly (149ms)
			BuildScriptInfoCaches (24ms)
			ResolveRequiredComponents (4ms)
	FinalizeReload (582ms)
		ReleaseScriptCaches (0ms)
		RebuildScriptCaches (0ms)
		SetupLoadedEditorAssemblies (461ms)
			LogAssemblyErrors (0ms)
			InitializePlatformSupportModulesInManaged (11ms)
			SetLoadedEditorAssemblies (4ms)
			BeforeProcessingInitializeOnLoad (103ms)
			ProcessInitializeOnLoadAttributes (311ms)
			ProcessInitializeOnLoadMethodAttributes (25ms)
			AfterProcessingInitializeOnLoad (7ms)
			EditorAssembliesLoaded (0ms)
		ExecutionOrderSort2 (0ms)
		AwakeInstancesAfterBackupRestoration (6ms)
Launched and connected shader compiler UnityShaderCompiler.exe after 0.01 seconds
Refreshing native plugins compatible for Editor in 1.23 ms, found 3 plugins.
Preloading 0 native plugins for Editor in 0.00 ms.
Unloading 8 Unused Serialized files (Serialized files now loaded: 0)
Unloading 3423 unused Assets / (1.0 MB). Loaded Objects now: 3914.
Memory consumption went from 81.1 MB to 80.1 MB.
Total: 6.162400 ms (FindLiveObjects: 0.376300 ms CreateObjectMapping: 0.188400 ms MarkObjects: 4.370100 ms  DeleteObjects: 1.224900 ms)

========================================================================
Received Import Request.
  Time since last request: 191138.207550 seconds.
  path: Assets/Prototype Collection/Assets/FBX/Vertical Panel/Vertical_Panel_lod01.fbx
  artifactKey: Guid(6d1b0bf12ad03b64ca81fae9c903ed9c) Importer(815301076,1909f56bfc062723c751e8b465ee728b)
Start importing Assets/Prototype Collection/Assets/FBX/Vertical Panel/Vertical_Panel_lod01.fbx using Guid(6d1b0bf12ad03b64ca81fae9c903ed9c) Importer(815301076,1909f56bfc062723c751e8b465ee728b) (PreviewImporter) -> (artifact id: 'caa6fe14b8df3d989fe84111613ebbba') in 0.1865638 seconds
Number of updated asset objects reloaded before import = 0Number of asset objects unloaded after import = 14

========================================================================
Received Import Request.
  Time since last request: 2.502337 seconds.
  path: Assets/Prototype Collection/Assets/FBX/Water Barricade/Water_Barricade_lod01.fbx
  artifactKey: Guid(70a9f025618f589429496d9fee55ca0d) Importer(815301076,1909f56bfc062723c751e8b465ee728b)
Start importing Assets/Prototype Collection/Assets/FBX/Water Barricade/Water_Barricade_lod01.fbx using Guid(70a9f025618f589429496d9fee55ca0d) Importer(815301076,1909f56bfc062723c751e8b465ee728b) (PreviewImporter) -> (artifact id: 'f07f96d648d9af1bf4aa799f2f8e5284') in 0.0298628 seconds
Number of updated asset objects reloaded before import = 0Number of asset objects unloaded after import = 7

========================================================================
Received Import Request.
  Time since last request: 0.000023 seconds.
  path: Assets/Prototype Collection/Assets/FBX/Water Barricade/Water_Barricade_lod03.fbx
  artifactKey: Guid(3984be058bf6efb408c80daa068c39d8) Importer(815301076,1909f56bfc062723c751e8b465ee728b)
Start importing Assets/Prototype Collection/Assets/FBX/Water Barricade/Water_Barricade_lod03.fbx using Guid(3984be058bf6efb408c80daa068c39d8) Importer(815301076,1909f56bfc062723c751e8b465ee728b) (PreviewImporter) -> (artifact id: 'de95a3e7427cd837e06abcce96e028fb') in 0.0289048 seconds
Number of updated asset objects reloaded before import = 0Number of asset objects unloaded after import = 7

========================================================================
Received Import Request.
  Time since last request: 500.274766 seconds.
  path: Assets/prefabe/Tile4 Variant.prefab
  artifactKey: Guid(d178fe5ff8619e5409f3dbe591304383) Importer(815301076,1909f56bfc062723c751e8b465ee728b)
Start importing Assets/prefabe/Tile4 Variant.prefab using Guid(d178fe5ff8619e5409f3dbe591304383) Importer(815301076,1909f56bfc062723c751e8b465ee728b) (PreviewImporter) -> (artifact id: 'f2676ff72705f9db4c22669fda68676f') in 0.4009638 seconds
Number of updated asset objects reloaded before import = 0Number of asset objects unloaded after import = 82

========================================================================
Received Import Request.
  Time since last request: 0.361915 seconds.
  path: Assets/prefabe/Tile4 Variant.prefab
  artifactKey: Guid(d178fe5ff8619e5409f3dbe591304383) Importer(815301076,1909f56bfc062723c751e8b465ee728b)
Start importing Assets/prefabe/Tile4 Variant.prefab using Guid(d178fe5ff8619e5409f3dbe591304383) Importer(815301076,1909f56bfc062723c751e8b465ee728b) (PreviewImporter) -> (artifact id: 'de2be3c475b6032d8a150641d7100fe1') in 0.1393671 seconds
Number of updated asset objects reloaded before import = 0Number of asset objects unloaded after import = 82

========================================================================
Received Import Request.
  Time since last request: 6.808380 seconds.
  path: Assets/prefabe/Tile7 Variant.prefab
  artifactKey: Guid(ad7750f8615c7a9468f1ed136c719a13) Importer(815301076,1909f56bfc062723c751e8b465ee728b)
Start importing Assets/prefabe/Tile7 Variant.prefab using Guid(ad7750f8615c7a9468f1ed136c719a13) Importer(815301076,1909f56bfc062723c751e8b465ee728b) (PreviewImporter) -> (artifact id: '8c33fc144c6ac9232d6153bea24ac7d5') in 0.4151272 seconds
Number of updated asset objects reloaded before import = 0Number of asset objects unloaded after import = 103

========================================================================
Received Import Request.
  Time since last request: 1.777157 seconds.
  path: Assets/prefabe/Tile6 Variant.prefab
  artifactKey: Guid(cb5130ab9065fae49ac98a00f5474fa9) Importer(815301076,1909f56bfc062723c751e8b465ee728b)
Start importing Assets/prefabe/Tile6 Variant.prefab using Guid(cb5130ab9065fae49ac98a00f5474fa9) Importer(815301076,1909f56bfc062723c751e8b465ee728b) (PreviewImporter) -> (artifact id: '65146974348329f5f67d0cfe7285b68f') in 0.4687152 seconds
Number of updated asset objects reloaded before import = 0Number of asset objects unloaded after import = 81

========================================================================
Received Import Request.
  Time since last request: 0.000036 seconds.
  path: Assets/prefabe/Tile7 Variant.prefab
  artifactKey: Guid(ad7750f8615c7a9468f1ed136c719a13) Importer(815301076,1909f56bfc062723c751e8b465ee728b)
Start importing Assets/prefabe/Tile7 Variant.prefab using Guid(ad7750f8615c7a9468f1ed136c719a13) Importer(815301076,1909f56bfc062723c751e8b465ee728b) (PreviewImporter) -> (artifact id: '5a044b1c43c0376438a919e6ddf27208') in 0.299172 seconds
Number of updated asset objects reloaded before import = 0Number of asset objects unloaded after import = 103

========================================================================
Received Import Request.
  Time since last request: 33.040377 seconds.
  path: Assets/prefabe/Tile3 Variant.prefab
  artifactKey: Guid(cb7415318e496744390824b563253cbc) Importer(815301076,1909f56bfc062723c751e8b465ee728b)
Start importing Assets/prefabe/Tile3 Variant.prefab using Guid(cb7415318e496744390824b563253cbc) Importer(815301076,1909f56bfc062723c751e8b465ee728b) (PreviewImporter) -> (artifact id: '1a0a8711be19221e1167265995c5a7f7') in 0.2450409 seconds
Number of updated asset objects reloaded before import = 0Number of asset objects unloaded after import = 54

========================================================================
Received Import Request.
  Time since last request: 0.825431 seconds.
  path: Assets/prefabe/Tile3 Variant.prefab
  artifactKey: Guid(cb7415318e496744390824b563253cbc) Importer(815301076,1909f56bfc062723c751e8b465ee728b)
Start importing Assets/prefabe/Tile3 Variant.prefab using Guid(cb7415318e496744390824b563253cbc) Importer(815301076,1909f56bfc062723c751e8b465ee728b) (PreviewImporter) -> (artifact id: '5ebbcad8473a861c962eddfb77d4efac') in 0.1389276 seconds
Number of updated asset objects reloaded before import = 0Number of asset objects unloaded after import = 54

========================================================================
Received Import Request.
  Time since last request: 0.000044 seconds.
  path: Assets/prefabe/Tile4 Variant.prefab
  artifactKey: Guid(d178fe5ff8619e5409f3dbe591304383) Importer(815301076,1909f56bfc062723c751e8b465ee728b)
Start importing Assets/prefabe/Tile4 Variant.prefab using Guid(d178fe5ff8619e5409f3dbe591304383) Importer(815301076,1909f56bfc062723c751e8b465ee728b) (PreviewImporter) -> (artifact id: '7fa78bcf596a48b1eae502401e7d64b8') in 0.0881524 seconds
Number of updated asset objects reloaded before import = 0Number of asset objects unloaded after import = 82

========================================================================
Received Prepare
Begin MonoManager ReloadAssembly
- Loaded All Assemblies, in  0.841 seconds
Refreshing native plugins compatible for Editor in 1.84 ms, found 3 plugins.
Native extension for Android target not found
Native extension for WindowsStandalone target not found
Mono: successfully reloaded assembly
- Finished resetting the current domain, in  0.789 seconds
Domain Reload Profiling: 1627ms
	BeginReloadAssembly (259ms)
		ExecutionOrderSort (0ms)
		DisableScriptedObjects (7ms)
		BackupInstance (0ms)
		ReleaseScriptingObjects (0ms)
		CreateAndSetChildDomain (53ms)
	RebuildCommonClasses (53ms)
	RebuildNativeTypeToScriptingClass (15ms)
	initialDomainReloadingComplete (36ms)
	LoadAllAssembliesAndSetupDomain (474ms)
		LoadAssemblies (449ms)
		RebuildTransferFunctionScriptingTraits (0ms)
		AnalyzeDomain (167ms)
			TypeCache.Refresh (6ms)
				TypeCache.ScanAssembly (0ms)
			BuildScriptInfoCaches (151ms)
			ResolveRequiredComponents (6ms)
	FinalizeReload (790ms)
		ReleaseScriptCaches (0ms)
		RebuildScriptCaches (0ms)
		SetupLoadedEditorAssemblies (623ms)
			LogAssemblyErrors (0ms)
			InitializePlatformSupportModulesInManaged (18ms)
			SetLoadedEditorAssemblies (6ms)
			BeforeProcessingInitializeOnLoad (154ms)
			ProcessInitializeOnLoadAttributes (394ms)
			ProcessInitializeOnLoadMethodAttributes (41ms)
			AfterProcessingInitializeOnLoad (10ms)
			EditorAssembliesLoaded (0ms)
		ExecutionOrderSort2 (0ms)
		AwakeInstancesAfterBackupRestoration (10ms)
Refreshing native plugins compatible for Editor in 1.84 ms, found 3 plugins.
Preloading 0 native plugins for Editor in 0.00 ms.
Unloading 0 Unused Serialized files (Serialized files now loaded: 0)
Unloading 3421 unused Assets / (0.9 MB). Loaded Objects now: 3929.
Memory consumption went from 85.1 MB to 84.2 MB.
Total: 7.906700 ms (FindLiveObjects: 0.707100 ms CreateObjectMapping: 0.265700 ms MarkObjects: 5.356200 ms  DeleteObjects: 1.574800 ms)

Prepare: number of updated asset objects reloaded= 0
========================================================================
Received Import Request.
  Time since last request: 45.062691 seconds.
  path: Assets/prefabe/Tile4 Variant.prefab
  artifactKey: Guid(d178fe5ff8619e5409f3dbe591304383) Importer(815301076,1909f56bfc062723c751e8b465ee728b)
Start importing Assets/prefabe/Tile4 Variant.prefab using Guid(d178fe5ff8619e5409f3dbe591304383) Importer(815301076,1909f56bfc062723c751e8b465ee728b) (PreviewImporter) -> (artifact id: '2396cee2fd2c1f62f339f3289e590de7') in 0.3216383 seconds
Number of updated asset objects reloaded before import = 0Number of asset objects unloaded after import = 84

========================================================================
Received Import Request.
  Time since last request: 11.033404 seconds.
  path: Assets/prefabe/Tile6 Variant.prefab
  artifactKey: Guid(cb5130ab9065fae49ac98a00f5474fa9) Importer(815301076,1909f56bfc062723c751e8b465ee728b)
Start importing Assets/prefabe/Tile6 Variant.prefab using Guid(cb5130ab9065fae49ac98a00f5474fa9) Importer(815301076,1909f56bfc062723c751e8b465ee728b) (PreviewImporter) -> (artifact id: 'fd9d82667dea29bfa993b558774a5b84') in 0.6762341 seconds
Number of updated asset objects reloaded before import = 0Number of asset objects unloaded after import = 83

========================================================================
Received Import Request.
  Time since last request: 0.000039 seconds.
  path: Assets/prefabe/Tile7 Variant.prefab
  artifactKey: Guid(ad7750f8615c7a9468f1ed136c719a13) Importer(815301076,1909f56bfc062723c751e8b465ee728b)
Start importing Assets/prefabe/Tile7 Variant.prefab using Guid(ad7750f8615c7a9468f1ed136c719a13) Importer(815301076,1909f56bfc062723c751e8b465ee728b) (PreviewImporter) -> (artifact id: '4702167efedeb3864e4535c315bab769') in 0.3129209 seconds
Number of updated asset objects reloaded before import = 0Number of asset objects unloaded after import = 106

========================================================================
Received Prepare
Begin MonoManager ReloadAssembly
- Loaded All Assemblies, in  0.780 seconds
Refreshing native plugins compatible for Editor in 1.35 ms, found 3 plugins.
Native extension for Android target not found
Native extension for WindowsStandalone target not found
Mono: successfully reloaded assembly
- Finished resetting the current domain, in  0.775 seconds
Domain Reload Profiling: 1552ms
	BeginReloadAssembly (254ms)
		ExecutionOrderSort (0ms)
		DisableScriptedObjects (7ms)
		BackupInstance (0ms)
		ReleaseScriptingObjects (0ms)
		CreateAndSetChildDomain (51ms)
	RebuildCommonClasses (48ms)
	RebuildNativeTypeToScriptingClass (16ms)
	initialDomainReloadingComplete (36ms)
	LoadAllAssembliesAndSetupDomain (422ms)
		LoadAssemblies (407ms)
		RebuildTransferFunctionScriptingTraits (0ms)
		AnalyzeDomain (157ms)
			TypeCache.Refresh (6ms)
				TypeCache.ScanAssembly (0ms)
			BuildScriptInfoCaches (141ms)
			ResolveRequiredComponents (6ms)
	FinalizeReload (775ms)
		ReleaseScriptCaches (0ms)
		RebuildScriptCaches (0ms)
		SetupLoadedEditorAssemblies (602ms)
			LogAssemblyErrors (0ms)
			InitializePlatformSupportModulesInManaged (16ms)
			SetLoadedEditorAssemblies (7ms)
			BeforeProcessingInitializeOnLoad (153ms)
			ProcessInitializeOnLoadAttributes (381ms)
			ProcessInitializeOnLoadMethodAttributes (36ms)
			AfterProcessingInitializeOnLoad (9ms)
			EditorAssembliesLoaded (0ms)
		ExecutionOrderSort2 (0ms)
		AwakeInstancesAfterBackupRestoration (10ms)
Refreshing native plugins compatible for Editor in 2.40 ms, found 3 plugins.
Preloading 0 native plugins for Editor in 0.00 ms.
Unloading 0 Unused Serialized files (Serialized files now loaded: 0)
Unloading 3421 unused Assets / (1.0 MB). Loaded Objects now: 3930.
Memory consumption went from 85.1 MB to 84.1 MB.
Total: 7.677200 ms (FindLiveObjects: 0.537000 ms CreateObjectMapping: 0.379600 ms MarkObjects: 5.394900 ms  DeleteObjects: 1.363900 ms)

Prepare: number of updated asset objects reloaded= 0
========================================================================
Received Prepare
Begin MonoManager ReloadAssembly
- Loaded All Assemblies, in  0.772 seconds
Refreshing native plugins compatible for Editor in 1.47 ms, found 3 plugins.
Native extension for Android target not found
Native extension for WindowsStandalone target not found
Mono: successfully reloaded assembly
- Finished resetting the current domain, in  0.776 seconds
Domain Reload Profiling: 1544ms
	BeginReloadAssembly (240ms)
		ExecutionOrderSort (0ms)
		DisableScriptedObjects (8ms)
		BackupInstance (0ms)
		ReleaseScriptingObjects (0ms)
		CreateAndSetChildDomain (47ms)
	RebuildCommonClasses (48ms)
	RebuildNativeTypeToScriptingClass (16ms)
	initialDomainReloadingComplete (40ms)
	LoadAllAssembliesAndSetupDomain (423ms)
		LoadAssemblies (389ms)
		RebuildTransferFunctionScriptingTraits (0ms)
		AnalyzeDomain (167ms)
			TypeCache.Refresh (7ms)
				TypeCache.ScanAssembly (0ms)
			BuildScriptInfoCaches (151ms)
			ResolveRequiredComponents (6ms)
	FinalizeReload (777ms)
		ReleaseScriptCaches (0ms)
		RebuildScriptCaches (0ms)
		SetupLoadedEditorAssemblies (604ms)
			LogAssemblyErrors (0ms)
			InitializePlatformSupportModulesInManaged (16ms)
			SetLoadedEditorAssemblies (5ms)
			BeforeProcessingInitializeOnLoad (142ms)
			ProcessInitializeOnLoadAttributes (396ms)
			ProcessInitializeOnLoadMethodAttributes (34ms)
			AfterProcessingInitializeOnLoad (10ms)
			EditorAssembliesLoaded (0ms)
		ExecutionOrderSort2 (0ms)
		AwakeInstancesAfterBackupRestoration (9ms)
Refreshing native plugins compatible for Editor in 2.32 ms, found 3 plugins.
Preloading 0 native plugins for Editor in 0.00 ms.
Unloading 0 Unused Serialized files (Serialized files now loaded: 0)
Unloading 3421 unused Assets / (1.1 MB). Loaded Objects now: 3931.
Memory consumption went from 85.1 MB to 84.0 MB.
Total: 10.322100 ms (FindLiveObjects: 0.836300 ms CreateObjectMapping: 0.668600 ms MarkObjects: 7.384700 ms  DeleteObjects: 1.430900 ms)

Prepare: number of updated asset objects reloaded= 0
========================================================================
Received Import Request.
  Time since last request: 143.646736 seconds.
  path: Assets/prefabe/Tile4 Variant.prefab
  artifactKey: Guid(d178fe5ff8619e5409f3dbe591304383) Importer(815301076,1909f56bfc062723c751e8b465ee728b)
Start importing Assets/prefabe/Tile4 Variant.prefab using Guid(d178fe5ff8619e5409f3dbe591304383) Importer(815301076,1909f56bfc062723c751e8b465ee728b) (PreviewImporter) -> (artifact id: 'bcdf1ebb86853ddb26a0c62b469ffb98') in 0.0247503 seconds
Number of updated asset objects reloaded before import = 0Number of asset objects unloaded after import = 1

========================================================================
Received Import Request.
  Time since last request: 681.170832 seconds.
  path: Assets/prefabe/Tile2 Variant.prefab
  artifactKey: Guid(d069c5a8fe7515a44b9ff30ff30cb406) Importer(815301076,1909f56bfc062723c751e8b465ee728b)
Start importing Assets/prefabe/Tile2 Variant.prefab using Guid(d069c5a8fe7515a44b9ff30ff30cb406) Importer(815301076,1909f56bfc062723c751e8b465ee728b) (PreviewImporter) -> (artifact id: '54fd00d194274fe699db2fe78ce41bdb') in 0.5324163 seconds
Number of updated asset objects reloaded before import = 0Number of asset objects unloaded after import = 140

========================================================================
Received Import Request.
  Time since last request: 15.010584 seconds.
  path: Assets/prefabe/Tile2 Variant.prefab
  artifactKey: Guid(d069c5a8fe7515a44b9ff30ff30cb406) Importer(815301076,1909f56bfc062723c751e8b465ee728b)
Start importing Assets/prefabe/Tile2 Variant.prefab using Guid(d069c5a8fe7515a44b9ff30ff30cb406) Importer(815301076,1909f56bfc062723c751e8b465ee728b) (PreviewImporter) -> (artifact id: '74aa1bf155f3ba0e8b60ec446f66369c') in 0.3974244 seconds
Number of updated asset objects reloaded before import = 0Number of asset objects unloaded after import = 140

========================================================================
Received Import Request.
  Time since last request: 5.460236 seconds.
  path: Assets/prefabe/Tile2 Variant.prefab
  artifactKey: Guid(d069c5a8fe7515a44b9ff30ff30cb406) Importer(815301076,1909f56bfc062723c751e8b465ee728b)
Start importing Assets/prefabe/Tile2 Variant.prefab using Guid(d069c5a8fe7515a44b9ff30ff30cb406) Importer(815301076,1909f56bfc062723c751e8b465ee728b) (PreviewImporter) -> (artifact id: '8b6bea1024c7b0148445d2b684a13c6b') in 0.3250856 seconds
Number of updated asset objects reloaded before import = 0Number of asset objects unloaded after import = 140

========================================================================
Received Import Request.
  Time since last request: 11.974874 seconds.
  path: Assets/prefabe/Tile2 Variant.prefab
  artifactKey: Guid(d069c5a8fe7515a44b9ff30ff30cb406) Importer(815301076,1909f56bfc062723c751e8b465ee728b)
Start importing Assets/prefabe/Tile2 Variant.prefab using Guid(d069c5a8fe7515a44b9ff30ff30cb406) Importer(815301076,1909f56bfc062723c751e8b465ee728b) (PreviewImporter) -> (artifact id: '6ea971536926a6c1c3f6b588e6b24668') in 0.3435938 seconds
Number of updated asset objects reloaded before import = 0Number of asset objects unloaded after import = 140

========================================================================
Received Import Request.
  Time since last request: 58.103007 seconds.
  path: Assets/prefabe/Tile2 Variant.prefab
  artifactKey: Guid(d069c5a8fe7515a44b9ff30ff30cb406) Importer(815301076,1909f56bfc062723c751e8b465ee728b)
Start importing Assets/prefabe/Tile2 Variant.prefab using Guid(d069c5a8fe7515a44b9ff30ff30cb406) Importer(815301076,1909f56bfc062723c751e8b465ee728b) (PreviewImporter) -> (artifact id: '67327b06ba882c9ded7b445cc203f854') in 0.0015679 seconds
Number of updated asset objects reloaded before import = 0Number of asset objects unloaded after import = 1

========================================================================
Received Import Request.
  Time since last request: 19.851181 seconds.
  path: Assets/prefabe/Tile2 Variant.prefab
  artifactKey: Guid(d069c5a8fe7515a44b9ff30ff30cb406) Importer(815301076,1909f56bfc062723c751e8b465ee728b)
Start importing Assets/prefabe/Tile2 Variant.prefab using Guid(d069c5a8fe7515a44b9ff30ff30cb406) Importer(815301076,1909f56bfc062723c751e8b465ee728b) (PreviewImporter) -> (artifact id: '7815cdb99471945c746d1fdaa27f600b') in 0.1580844 seconds
Number of updated asset objects reloaded before import = 0Number of asset objects unloaded after import = 66

