Using pre-set license
Built from '6000.1/staging' branch; Version is '6000.1.10f1 (3c681a6c22ff) revision 3958810'; Using compiler version '194234433'; Build Type 'Release'
OS: 'Windows 11  (10.0.26100) 64bit CoreSingleLanguage' Language: 'en' Physical Memory: 15724 MB
BatchMode: 1, IsHumanControllingUs: 0, StartBugReporterOnCrash: 0, Is64bit: 1, IsPro: 1
Date: 2025-10-18T15:02:49Z

COMMAND LINE ARGUMENTS:
C:\Program Files\Unity\Hub\Editor\6000.1.10f1\Editor\Unity.exe
-adb2
-batchMode
-noUpm
-name
AssetImportWorker4
-projectPath
C:/Users/kan/ปลายv2
-logFile
Logs/AssetImportWorker4.log
-srvPort
50159
-job-worker-count
7
-background-job-worker-count
8
-gc-helper-count
1
-name
AssetImport
Successfully changed project path to: C:/Users/kan/ปลายv2
C:/Users/kan/ปลายv2
[UnityMemory] Configuration Parameters - Can be set up in boot.config
    "memorysetup-allocator-temp-initial-block-size-main=262144"
    "memorysetup-allocator-temp-initial-block-size-worker=262144"
    "memorysetup-bucket-allocator-granularity=16"
    "memorysetup-bucket-allocator-bucket-count=8"
    "memorysetup-bucket-allocator-block-size=33554432"
    "memorysetup-bucket-allocator-block-count=8"
    "memorysetup-main-allocator-block-size=16777216"
    "memorysetup-thread-allocator-block-size=16777216"
    "memorysetup-gfx-main-allocator-block-size=16777216"
    "memorysetup-gfx-thread-allocator-block-size=16777216"
    "memorysetup-cache-allocator-block-size=4194304"
    "memorysetup-typetree-allocator-block-size=2097152"
    "memorysetup-profiler-bucket-allocator-granularity=16"
    "memorysetup-profiler-bucket-allocator-bucket-count=8"
    "memorysetup-profiler-bucket-allocator-block-size=33554432"
    "memorysetup-profiler-bucket-allocator-block-count=8"
    "memorysetup-profiler-allocator-block-size=16777216"
    "memorysetup-profiler-editor-allocator-block-size=1048576"
    "memorysetup-temp-allocator-size-main=16777216"
    "memorysetup-job-temp-allocator-block-size=2097152"
    "memorysetup-job-temp-allocator-block-size-background=1048576"
    "memorysetup-job-temp-allocator-reduction-small-platforms=262144"
    "memorysetup-temp-allocator-size-background-worker=32768"
    "memorysetup-temp-allocator-size-job-worker=262144"
    "memorysetup-temp-allocator-size-preload-manager=33554432"
    "memorysetup-temp-allocator-size-nav-mesh-worker=65536"
    "memorysetup-temp-allocator-size-audio-worker=65536"
    "memorysetup-temp-allocator-size-cloud-worker=32768"
    "memorysetup-temp-allocator-size-gi-baking-worker=262144"
    "memorysetup-temp-allocator-size-gi-baking-worker=262144"
    "memorysetup-temp-allocator-size-gi-baking-worker=262144"
    "memorysetup-temp-allocator-size-gi-baking-worker=262144"
    "memorysetup-temp-allocator-size-gi-baking-worker=262144"
    "memorysetup-temp-allocator-size-gfx=262144"
Player connection [16504]  Target information:

Player connection [16504]  * "[IP] 26.195.73.118 [Port] 0 [Flags] 2 [Guid] 1637526018 [EditorId] 1637526018 [Version] 1048832 [Id] WindowsEditor(7,DESKTOP-56MI629) [Debug] 1 [PackageName] WindowsEditor [ProjectName] Editor" 

Player connection [16504]  * "[IP] 192.168.1.107 [Port] 0 [Flags] 2 [Guid] 1637526018 [EditorId] 1637526018 [Version] 1048832 [Id] WindowsEditor(7,DESKTOP-56MI629) [Debug] 1 [PackageName] WindowsEditor [ProjectName] Editor" 

Player connection [16504] Host joined multi-casting on [225.0.0.222:54997]...
Player connection [16504] Host joined alternative multi-casting on [225.0.0.222:34997]...
JobSystem: Creating JobQueue using job-worker-count value 7
Input System module state changed to: Initialized.
[Physics::Module] Initialized fallback backend.
[Physics::Module] Id: 0xdecafbad
Library Redirect Path: Library/
[Physics::Module] Selected backend.
[Physics::Module] Name: PhysX
[Physics::Module] Id: 0xf2b8ea05
[Physics::Module] SDK Version: 4.1.2
[Physics::Module] Integration Version: 1.0.0
[Physics::Module] Threading Mode: Multi-Threaded
Refreshing native plugins compatible for Editor in 4.73 ms, found 3 plugins.
Preloading 0 native plugins for Editor in 0.00 ms.
Initialize engine version: 6000.1.10f1 (3c681a6c22ff)
[Subsystems] Discovering subsystems at path C:/Program Files/Unity/Hub/Editor/6000.1.10f1/Editor/Data/Resources/UnitySubsystems
[Subsystems] Discovering subsystems at path C:/Users/kan/ปลายv2/Assets
GfxDevice: creating device client; kGfxThreadingModeNonThreaded
Direct3D:
    Version:  Direct3D 11.0 [level 11.1]
    Renderer: NVIDIA GeForce RTX 3060 Laptop GPU (ID=0x2520)
    Vendor:   NVIDIA
    VRAM:     5996 MB
    Driver:   32.0.15.8129
Initialize mono
Mono path[0] = 'C:/Program Files/Unity/Hub/Editor/6000.1.10f1/Editor/Data/Managed'
Mono path[1] = 'C:/Program Files/Unity/Hub/Editor/6000.1.10f1/Editor/Data/MonoBleedingEdge/lib/mono/unityjit-win32'
Mono config path = 'C:/Program Files/Unity/Hub/Editor/6000.1.10f1/Editor/Data/MonoBleedingEdge/etc'
Using monoOptions --debugger-agent=transport=dt_socket,embedding=1,server=y,suspend=n,address=127.0.0.1:56848
Begin MonoManager ReloadAssembly
Registering precompiled unity dll's ...
Register platform support module: C:/Program Files/Unity/Hub/Editor/6000.1.10f1/Editor/Data/PlaybackEngines/WindowsStandaloneSupport/UnityEditor.WindowsStandalone.Extensions.dll
Register platform support module: C:/Program Files/Unity/Hub/Editor/6000.1.10f1/Editor/Data/PlaybackEngines/AndroidPlayer/UnityEditor.Android.Extensions.dll
Registered in 0.003749 seconds.
- Loaded All Assemblies, in  0.543 seconds
Native extension for Android target not found
Android Extension - Scanning For ADB Devices 322 ms
Native extension for WindowsStandalone target not found
Mono: successfully reloaded assembly
- Finished resetting the current domain, in  0.750 seconds
Domain Reload Profiling: 1289ms
	BeginReloadAssembly (221ms)
		ExecutionOrderSort (0ms)
		DisableScriptedObjects (0ms)
		BackupInstance (0ms)
		ReleaseScriptingObjects (0ms)
		CreateAndSetChildDomain (1ms)
	RebuildCommonClasses (56ms)
	RebuildNativeTypeToScriptingClass (14ms)
	initialDomainReloadingComplete (70ms)
	LoadAllAssembliesAndSetupDomain (178ms)
		LoadAssemblies (219ms)
		RebuildTransferFunctionScriptingTraits (0ms)
		AnalyzeDomain (172ms)
			TypeCache.Refresh (170ms)
				TypeCache.ScanAssembly (155ms)
			BuildScriptInfoCaches (0ms)
			ResolveRequiredComponents (1ms)
	FinalizeReload (750ms)
		ReleaseScriptCaches (0ms)
		RebuildScriptCaches (0ms)
		SetupLoadedEditorAssemblies (702ms)
			LogAssemblyErrors (0ms)
			InitializePlatformSupportModulesInManaged (430ms)
			SetLoadedEditorAssemblies (4ms)
			BeforeProcessingInitializeOnLoad (68ms)
			ProcessInitializeOnLoadAttributes (132ms)
			ProcessInitializeOnLoadMethodAttributes (68ms)
			AfterProcessingInitializeOnLoad (0ms)
			EditorAssembliesLoaded (0ms)
		ExecutionOrderSort2 (0ms)
		AwakeInstancesAfterBackupRestoration (0ms)
========================================================================
Worker process is ready to serve import requests
Import Worker Mode flag is 0x00
Begin MonoManager ReloadAssembly
- Loaded All Assemblies, in  0.792 seconds
Refreshing native plugins compatible for Editor in 1.12 ms, found 3 plugins.
Native extension for Android target not found
Native extension for WindowsStandalone target not found
Mono: successfully reloaded assembly
- Finished resetting the current domain, in  0.581 seconds
Domain Reload Profiling: 1368ms
	BeginReloadAssembly (211ms)
		ExecutionOrderSort (0ms)
		DisableScriptedObjects (7ms)
		BackupInstance (0ms)
		ReleaseScriptingObjects (0ms)
		CreateAndSetChildDomain (32ms)
	RebuildCommonClasses (44ms)
	RebuildNativeTypeToScriptingClass (15ms)
	initialDomainReloadingComplete (51ms)
	LoadAllAssembliesAndSetupDomain (466ms)
		LoadAssemblies (378ms)
		RebuildTransferFunctionScriptingTraits (0ms)
		AnalyzeDomain (214ms)
			TypeCache.Refresh (177ms)
				TypeCache.ScanAssembly (162ms)
			BuildScriptInfoCaches (28ms)
			ResolveRequiredComponents (5ms)
	FinalizeReload (582ms)
		ReleaseScriptCaches (0ms)
		RebuildScriptCaches (0ms)
		SetupLoadedEditorAssemblies (459ms)
			LogAssemblyErrors (0ms)
			InitializePlatformSupportModulesInManaged (11ms)
			SetLoadedEditorAssemblies (4ms)
			BeforeProcessingInitializeOnLoad (106ms)
			ProcessInitializeOnLoadAttributes (302ms)
			ProcessInitializeOnLoadMethodAttributes (28ms)
			AfterProcessingInitializeOnLoad (7ms)
			EditorAssembliesLoaded (0ms)
		ExecutionOrderSort2 (0ms)
		AwakeInstancesAfterBackupRestoration (7ms)
Launched and connected shader compiler UnityShaderCompiler.exe after 0.01 seconds
Refreshing native plugins compatible for Editor in 2.23 ms, found 3 plugins.
Preloading 0 native plugins for Editor in 0.00 ms.
Unloading 8 Unused Serialized files (Serialized files now loaded: 0)
Unloading 3421 unused Assets / (1.1 MB). Loaded Objects now: 3912.
Memory consumption went from 80.9 MB to 79.8 MB.
Total: 11.018100 ms (FindLiveObjects: 0.925300 ms CreateObjectMapping: 0.827600 ms MarkObjects: 7.623000 ms  DeleteObjects: 1.635300 ms)

========================================================================
Received Prepare
Begin MonoManager ReloadAssembly
- Loaded All Assemblies, in  3.250 seconds
Refreshing native plugins compatible for Editor in 1.08 ms, found 3 plugins.
Native extension for Android target not found
Native extension for WindowsStandalone target not found
Mono: successfully reloaded assembly
- Finished resetting the current domain, in  0.649 seconds
Domain Reload Profiling: 3890ms
	BeginReloadAssembly (472ms)
		ExecutionOrderSort (0ms)
		DisableScriptedObjects (29ms)
		BackupInstance (0ms)
		ReleaseScriptingObjects (1ms)
		CreateAndSetChildDomain (114ms)
	RebuildCommonClasses (50ms)
	RebuildNativeTypeToScriptingClass (14ms)
	initialDomainReloadingComplete (43ms)
	LoadAllAssembliesAndSetupDomain (2661ms)
		LoadAssemblies (2723ms)
		RebuildTransferFunctionScriptingTraits (0ms)
		AnalyzeDomain (169ms)
			TypeCache.Refresh (11ms)
				TypeCache.ScanAssembly (0ms)
			BuildScriptInfoCaches (148ms)
			ResolveRequiredComponents (5ms)
	FinalizeReload (650ms)
		ReleaseScriptCaches (0ms)
		RebuildScriptCaches (0ms)
		SetupLoadedEditorAssemblies (505ms)
			LogAssemblyErrors (0ms)
			InitializePlatformSupportModulesInManaged (12ms)
			SetLoadedEditorAssemblies (5ms)
			BeforeProcessingInitializeOnLoad (121ms)
			ProcessInitializeOnLoadAttributes (324ms)
			ProcessInitializeOnLoadMethodAttributes (31ms)
			AfterProcessingInitializeOnLoad (12ms)
			EditorAssembliesLoaded (0ms)
		ExecutionOrderSort2 (0ms)
		AwakeInstancesAfterBackupRestoration (7ms)
Refreshing native plugins compatible for Editor in 1.49 ms, found 3 plugins.
Preloading 0 native plugins for Editor in 0.00 ms.
Unloading 0 Unused Serialized files (Serialized files now loaded: 0)
Unloading 3421 unused Assets / (0.8 MB). Loaded Objects now: 3915.
Memory consumption went from 80.1 MB to 79.2 MB.
Total: 10.229200 ms (FindLiveObjects: 0.474900 ms CreateObjectMapping: 0.304200 ms MarkObjects: 8.002800 ms  DeleteObjects: 1.445600 ms)

Prepare: number of updated asset objects reloaded= 0
========================================================================
Received Import Request.
  Time since last request: 189905.699972 seconds.
  path: Assets/Prototype Collection
  artifactKey: Guid(a09e3bce441a7a64ba2dab1695227410) Importer(815301076,1909f56bfc062723c751e8b465ee728b)
Start importing Assets/Prototype Collection using Guid(a09e3bce441a7a64ba2dab1695227410) Importer(815301076,1909f56bfc062723c751e8b465ee728b) (PreviewImporter) -> (artifact id: 'a9ca5bb51f0621381bcfc93630f27065') in 0.0292531 seconds
Number of updated asset objects reloaded before import = 0Number of asset objects unloaded after import = 0

========================================================================
Received Import Request.
  Time since last request: 2.138429 seconds.
  path: Assets/Prototype Collection/Assets
  artifactKey: Guid(98273321a7d9d144ab42c7de6d2e3f80) Importer(815301076,1909f56bfc062723c751e8b465ee728b)
Start importing Assets/Prototype Collection/Assets using Guid(98273321a7d9d144ab42c7de6d2e3f80) Importer(815301076,1909f56bfc062723c751e8b465ee728b) (PreviewImporter) -> (artifact id: '36f96e0c13df1d03ecc94316c62cdb59') in 0.0005805 seconds
Number of updated asset objects reloaded before import = 0Number of asset objects unloaded after import = 0

========================================================================
Received Import Request.
  Time since last request: 1.428338 seconds.
  path: Assets/Prototype Collection/Assets/Editor
  artifactKey: Guid(068eaa277ea35404a8d927f8db3c8eef) Importer(815301076,1909f56bfc062723c751e8b465ee728b)
Start importing Assets/Prototype Collection/Assets/Editor using Guid(068eaa277ea35404a8d927f8db3c8eef) Importer(815301076,1909f56bfc062723c751e8b465ee728b) (PreviewImporter) -> (artifact id: '77ffd5e0d80bc4a7f7ebd566256be155') in 0.000725 seconds
Number of updated asset objects reloaded before import = 0Number of asset objects unloaded after import = 0

========================================================================
Received Import Request.
  Time since last request: 2.043161 seconds.
  path: Assets/Prototype Collection/Assets/EditorResources
  artifactKey: Guid(05ea2d1b1880718488041486d46971a8) Importer(815301076,1909f56bfc062723c751e8b465ee728b)
Start importing Assets/Prototype Collection/Assets/EditorResources using Guid(05ea2d1b1880718488041486d46971a8) Importer(815301076,1909f56bfc062723c751e8b465ee728b) (PreviewImporter) -> (artifact id: '42ea2d126f28157a06ed46a22a3a0052') in 0.0006952 seconds
Number of updated asset objects reloaded before import = 0Number of asset objects unloaded after import = 0

========================================================================
Received Import Request.
  Time since last request: 0.054425 seconds.
  path: Assets/Prototype Collection/Assets/EditorResources/AIBanner.png
  artifactKey: Guid(46f890fe7bef64f46a7ad9146a043887) Importer(815301076,1909f56bfc062723c751e8b465ee728b)
Start importing Assets/Prototype Collection/Assets/EditorResources/AIBanner.png using Guid(46f890fe7bef64f46a7ad9146a043887) Importer(815301076,1909f56bfc062723c751e8b465ee728b) (PreviewImporter) -> (artifact id: '6874b5e5d735aaa314d87c0ef122a8f4') in 0.0932291 seconds
Number of updated asset objects reloaded before import = 0Number of asset objects unloaded after import = 2

========================================================================
Received Import Request.
  Time since last request: 0.000021 seconds.
  path: Assets/Prototype Collection/Assets/EditorResources/ASEBanner.png
  artifactKey: Guid(7d025e5606137cc4ebae0c93f43f677e) Importer(815301076,1909f56bfc062723c751e8b465ee728b)
Start importing Assets/Prototype Collection/Assets/EditorResources/ASEBanner.png using Guid(7d025e5606137cc4ebae0c93f43f677e) Importer(815301076,1909f56bfc062723c751e8b465ee728b) (PreviewImporter) -> (artifact id: '1071dcd0a637cbe993db4f73fb7895ed') in 0.0194378 seconds
Number of updated asset objects reloaded before import = 0Number of asset objects unloaded after import = 2

========================================================================
Received Import Request.
  Time since last request: 2.591914 seconds.
  path: Assets/Prototype Collection/Assets/FBX
  artifactKey: Guid(85e3f95b7365fdb42928bfb6e5b8ecb5) Importer(815301076,1909f56bfc062723c751e8b465ee728b)
Start importing Assets/Prototype Collection/Assets/FBX using Guid(85e3f95b7365fdb42928bfb6e5b8ecb5) Importer(815301076,1909f56bfc062723c751e8b465ee728b) (PreviewImporter) -> (artifact id: 'b1d3072a1013a91eb3ac1e846dbea546') in 0.0006746 seconds
Number of updated asset objects reloaded before import = 0Number of asset objects unloaded after import = 0

========================================================================
Received Import Request.
  Time since last request: 1.010816 seconds.
  path: Assets/Prototype Collection/Assets/FBX/Barrel
  artifactKey: Guid(9b84bfa0863f6114890f699f4014a98e) Importer(815301076,1909f56bfc062723c751e8b465ee728b)
Start importing Assets/Prototype Collection/Assets/FBX/Barrel using Guid(9b84bfa0863f6114890f699f4014a98e) Importer(815301076,1909f56bfc062723c751e8b465ee728b) (PreviewImporter) -> (artifact id: 'a149eb58af17ab1aa87b5e709849a02e') in 0.0008837 seconds
Number of updated asset objects reloaded before import = 0Number of asset objects unloaded after import = 0

========================================================================
Received Import Request.
  Time since last request: 0.058447 seconds.
  path: Assets/Prototype Collection/Assets/FBX/Barrel/Barrel_lod0.fbx
  artifactKey: Guid(8c6a52110f6cc5f479cebc1eae279531) Importer(815301076,1909f56bfc062723c751e8b465ee728b)
Start importing Assets/Prototype Collection/Assets/FBX/Barrel/Barrel_lod0.fbx using Guid(8c6a52110f6cc5f479cebc1eae279531) Importer(815301076,1909f56bfc062723c751e8b465ee728b) (PreviewImporter) -> (artifact id: 'd4c3aadb0a12f1794fda708aa3eb14da') in 0.156688 seconds
Number of updated asset objects reloaded before import = 0Number of asset objects unloaded after import = 14

========================================================================
Received Import Request.
  Time since last request: 0.000040 seconds.
  path: Assets/Prototype Collection/Assets/FBX/Barrel/Barrel_lod02.fbx
  artifactKey: Guid(b4e655cdeb2ef2146a97ce5d8418ceca) Importer(815301076,1909f56bfc062723c751e8b465ee728b)
Start importing Assets/Prototype Collection/Assets/FBX/Barrel/Barrel_lod02.fbx using Guid(b4e655cdeb2ef2146a97ce5d8418ceca) Importer(815301076,1909f56bfc062723c751e8b465ee728b) (PreviewImporter) -> (artifact id: '6ed17e00fd47c75f31b87778eaa7cf51') in 0.0589282 seconds
Number of updated asset objects reloaded before import = 0Number of asset objects unloaded after import = 14

========================================================================
Received Import Request.
  Time since last request: 4.956468 seconds.
  path: Assets/Prototype Collection/Assets/FBX/Barrel Light
  artifactKey: Guid(65d7c1c85c1632d4e8544a4aec1b2bb6) Importer(815301076,1909f56bfc062723c751e8b465ee728b)
Start importing Assets/Prototype Collection/Assets/FBX/Barrel Light using Guid(65d7c1c85c1632d4e8544a4aec1b2bb6) Importer(815301076,1909f56bfc062723c751e8b465ee728b) (PreviewImporter) -> (artifact id: '16b5600c4034d59da46a252c174d1077') in 0.0006172 seconds
Number of updated asset objects reloaded before import = 0Number of asset objects unloaded after import = 0

========================================================================
Received Import Request.
  Time since last request: 0.175642 seconds.
  path: Assets/Prototype Collection/Assets/FBX/Barrel Light/Traffic_Light_Bolt_Extra.fbx
  artifactKey: Guid(bc6bc0ad6d5954945ae3bfe4854e1c09) Importer(815301076,1909f56bfc062723c751e8b465ee728b)
Start importing Assets/Prototype Collection/Assets/FBX/Barrel Light/Traffic_Light_Bolt_Extra.fbx using Guid(bc6bc0ad6d5954945ae3bfe4854e1c09) Importer(815301076,1909f56bfc062723c751e8b465ee728b) (PreviewImporter) -> (artifact id: '827c68acb417bf27e6d7884661155163') in 0.0241064 seconds
Number of updated asset objects reloaded before import = 0Number of asset objects unloaded after import = 7

========================================================================
Received Import Request.
  Time since last request: 0.000024 seconds.
  path: Assets/Prototype Collection/Assets/FBX/Barrel Light/Traffic_Light_lod03.fbx
  artifactKey: Guid(d81b3c482c1d2e2428385942b5a9b4dd) Importer(815301076,1909f56bfc062723c751e8b465ee728b)
Start importing Assets/Prototype Collection/Assets/FBX/Barrel Light/Traffic_Light_lod03.fbx using Guid(d81b3c482c1d2e2428385942b5a9b4dd) Importer(815301076,1909f56bfc062723c751e8b465ee728b) (PreviewImporter) -> (artifact id: '85512bc349e39dedce5de735e9540970') in 0.0217033 seconds
Number of updated asset objects reloaded before import = 0Number of asset objects unloaded after import = 7

========================================================================
Received Import Request.
  Time since last request: 0.000022 seconds.
  path: Assets/Prototype Collection/Assets/FBX/Barrel Light/Traffic_Light_lod02.fbx
  artifactKey: Guid(7782cd96f2f59c741b03960666176d13) Importer(815301076,1909f56bfc062723c751e8b465ee728b)
Start importing Assets/Prototype Collection/Assets/FBX/Barrel Light/Traffic_Light_lod02.fbx using Guid(7782cd96f2f59c741b03960666176d13) Importer(815301076,1909f56bfc062723c751e8b465ee728b) (PreviewImporter) -> (artifact id: '75409944b6e44f89ba72df0ae0242f5c') in 0.0303002 seconds
Number of updated asset objects reloaded before import = 0Number of asset objects unloaded after import = 7

========================================================================
Received Import Request.
  Time since last request: 210.099053 seconds.
  path: Assets/Prototype Collection/Assets/FBX/Blocks
  artifactKey: Guid(dd0d1d8de84915047811b138faa62b36) Importer(815301076,1909f56bfc062723c751e8b465ee728b)
Start importing Assets/Prototype Collection/Assets/FBX/Blocks using Guid(dd0d1d8de84915047811b138faa62b36) Importer(815301076,1909f56bfc062723c751e8b465ee728b) (PreviewImporter) -> (artifact id: '1a354b4e0c4d5a0cb091a4be5f529beb') in 0.000919 seconds
Number of updated asset objects reloaded before import = 0Number of asset objects unloaded after import = 0

========================================================================
Received Import Request.
  Time since last request: 0.068658 seconds.
  path: Assets/Prototype Collection/Assets/FBX/Blocks/Block_Barrier_1.fbx
  artifactKey: Guid(820b69a9710bad348a01bcc21a475bf3) Importer(815301076,1909f56bfc062723c751e8b465ee728b)
Start importing Assets/Prototype Collection/Assets/FBX/Blocks/Block_Barrier_1.fbx using Guid(820b69a9710bad348a01bcc21a475bf3) Importer(815301076,1909f56bfc062723c751e8b465ee728b) (PreviewImporter) -> (artifact id: 'd1be815a9ceef7f18f71df486341d81b') in 0.027793 seconds
Number of updated asset objects reloaded before import = 0Number of asset objects unloaded after import = 7

========================================================================
Received Import Request.
  Time since last request: 0.000024 seconds.
  path: Assets/Prototype Collection/Assets/FBX/Blocks/Block_Trim_1.fbx
  artifactKey: Guid(f90483c6d6a0b924c8fd77ee2bb8d5db) Importer(815301076,1909f56bfc062723c751e8b465ee728b)
Start importing Assets/Prototype Collection/Assets/FBX/Blocks/Block_Trim_1.fbx using Guid(f90483c6d6a0b924c8fd77ee2bb8d5db) Importer(815301076,1909f56bfc062723c751e8b465ee728b) (PreviewImporter) -> (artifact id: '12db9f8752342d23d3b5988015a027f6') in 0.023832 seconds
Number of updated asset objects reloaded before import = 0Number of asset objects unloaded after import = 7

========================================================================
Received Import Request.
  Time since last request: 0.000024 seconds.
  path: Assets/Prototype Collection/Assets/FBX/Blocks/Block_Cube_1.fbx
  artifactKey: Guid(f01f1896dd9c87942b5b2db3900856b0) Importer(815301076,1909f56bfc062723c751e8b465ee728b)
Start importing Assets/Prototype Collection/Assets/FBX/Blocks/Block_Cube_1.fbx using Guid(f01f1896dd9c87942b5b2db3900856b0) Importer(815301076,1909f56bfc062723c751e8b465ee728b) (PreviewImporter) -> (artifact id: '6137561e45ff2179f2f4dc442535da16') in 0.0263487 seconds
Number of updated asset objects reloaded before import = 0Number of asset objects unloaded after import = 7

========================================================================
Received Import Request.
  Time since last request: 5.032734 seconds.
  path: Assets/Prototype Collection/Assets/FBX/Channelizing
  artifactKey: Guid(bf985f2735d4c1b4a84e3977de667396) Importer(815301076,1909f56bfc062723c751e8b465ee728b)
Start importing Assets/Prototype Collection/Assets/FBX/Channelizing using Guid(bf985f2735d4c1b4a84e3977de667396) Importer(815301076,1909f56bfc062723c751e8b465ee728b) (PreviewImporter) -> (artifact id: '0d991e801beb1dc615f9990fd05728c7') in 0.0007919 seconds
Number of updated asset objects reloaded before import = 0Number of asset objects unloaded after import = 0

========================================================================
Received Import Request.
  Time since last request: 0.061712 seconds.
  path: Assets/Prototype Collection/Assets/FBX/Channelizing/Channelizing_1_lod0.fbx
  artifactKey: Guid(43d514c6ae668144390a2fa8665342fd) Importer(815301076,1909f56bfc062723c751e8b465ee728b)
Start importing Assets/Prototype Collection/Assets/FBX/Channelizing/Channelizing_1_lod0.fbx using Guid(43d514c6ae668144390a2fa8665342fd) Importer(815301076,1909f56bfc062723c751e8b465ee728b) (PreviewImporter) -> (artifact id: '2e3306a1b4b0c32054c96c6245e2cf68') in 0.0351113 seconds
Number of updated asset objects reloaded before import = 0Number of asset objects unloaded after import = 14

========================================================================
Received Import Request.
  Time since last request: 0.000021 seconds.
  path: Assets/Prototype Collection/Assets/FBX/Channelizing/Channelizing_1_lod04.fbx
  artifactKey: Guid(1c09ef2548deddc46b16ac5828228731) Importer(815301076,1909f56bfc062723c751e8b465ee728b)
Start importing Assets/Prototype Collection/Assets/FBX/Channelizing/Channelizing_1_lod04.fbx using Guid(1c09ef2548deddc46b16ac5828228731) Importer(815301076,1909f56bfc062723c751e8b465ee728b) (PreviewImporter) -> (artifact id: 'b2754b5af1d340d5ce5b5849c1969f39') in 0.0441461 seconds
Number of updated asset objects reloaded before import = 0Number of asset objects unloaded after import = 14

========================================================================
Received Import Request.
  Time since last request: 1.561738 seconds.
  path: Assets/Prototype Collection/Assets/FBX/Cone
  artifactKey: Guid(7355e3331e75ca942801e2de766c9a7d) Importer(815301076,1909f56bfc062723c751e8b465ee728b)
Start importing Assets/Prototype Collection/Assets/FBX/Cone using Guid(7355e3331e75ca942801e2de766c9a7d) Importer(815301076,1909f56bfc062723c751e8b465ee728b) (PreviewImporter) -> (artifact id: '48f741394241ed300202a921662e4d9e') in 0.0006294 seconds
Number of updated asset objects reloaded before import = 0Number of asset objects unloaded after import = 0

========================================================================
Received Import Request.
  Time since last request: 0.043503 seconds.
  path: Assets/Prototype Collection/Assets/FBX/Cone/Cone_lod0.fbx
  artifactKey: Guid(34034874906e3ca499d49bed4e02cbb6) Importer(815301076,1909f56bfc062723c751e8b465ee728b)
Start importing Assets/Prototype Collection/Assets/FBX/Cone/Cone_lod0.fbx using Guid(34034874906e3ca499d49bed4e02cbb6) Importer(815301076,1909f56bfc062723c751e8b465ee728b) (PreviewImporter) -> (artifact id: '0e43430f1cf9c8ca706f74e90bf8bca6') in 0.0237867 seconds
Number of updated asset objects reloaded before import = 0Number of asset objects unloaded after import = 7

========================================================================
Received Import Request.
  Time since last request: 0.000027 seconds.
  path: Assets/Prototype Collection/Assets/FBX/Cone/Cone_lod04.fbx
  artifactKey: Guid(d018a77d2318d1146a7ef5e5c5f52069) Importer(815301076,1909f56bfc062723c751e8b465ee728b)
Start importing Assets/Prototype Collection/Assets/FBX/Cone/Cone_lod04.fbx using Guid(d018a77d2318d1146a7ef5e5c5f52069) Importer(815301076,1909f56bfc062723c751e8b465ee728b) (PreviewImporter) -> (artifact id: 'dfd252ca22be659674690ebe13dd3abd') in 0.0228408 seconds
Number of updated asset objects reloaded before import = 0Number of asset objects unloaded after import = 7

========================================================================
Received Import Request.
  Time since last request: 14.154219 seconds.
  path: Assets/Prototype Collection/Assets/Textures
  artifactKey: Guid(187b513b63600a544b6358de9a906538) Importer(815301076,1909f56bfc062723c751e8b465ee728b)
Start importing Assets/Prototype Collection/Assets/Textures using Guid(187b513b63600a544b6358de9a906538) Importer(815301076,1909f56bfc062723c751e8b465ee728b) (PreviewImporter) -> (artifact id: '353b6ffd66762fa0cf8b51210c939190') in 0.0007279 seconds
Number of updated asset objects reloaded before import = 0Number of asset objects unloaded after import = 0

========================================================================
Received Import Request.
  Time since last request: 2.364677 seconds.
  path: Assets/Prototype Collection/Assets/Textures/Cone
  artifactKey: Guid(3f5b45416790fa94bb7338fda794304e) Importer(815301076,1909f56bfc062723c751e8b465ee728b)
Start importing Assets/Prototype Collection/Assets/Textures/Cone using Guid(3f5b45416790fa94bb7338fda794304e) Importer(815301076,1909f56bfc062723c751e8b465ee728b) (PreviewImporter) -> (artifact id: '9ed3c19f810d76e7602cb7f4caf074ca') in 0.0006207 seconds
Number of updated asset objects reloaded before import = 0Number of asset objects unloaded after import = 0

========================================================================
Received Import Request.
  Time since last request: 0.031678 seconds.
  path: Assets/Prototype Collection/Assets/Textures/Cone/Cone_Clean_BaseColor.png
  artifactKey: Guid(440eb05bc630fa949b5e379746ebf522) Importer(815301076,1909f56bfc062723c751e8b465ee728b)
Start importing Assets/Prototype Collection/Assets/Textures/Cone/Cone_Clean_BaseColor.png using Guid(440eb05bc630fa949b5e379746ebf522) Importer(815301076,1909f56bfc062723c751e8b465ee728b) (PreviewImporter) -> (artifact id: 'a6180becca5aad602b752d0d95c425a1') in 0.4760576 seconds
Number of updated asset objects reloaded before import = 0Number of asset objects unloaded after import = 2

========================================================================
Received Import Request.
  Time since last request: 0.000030 seconds.
  path: Assets/Prototype Collection/Assets/Textures/Cone/Cone_Old_Normal.png
  artifactKey: Guid(b16ef90de28d132479bb097ff346bf88) Importer(815301076,1909f56bfc062723c751e8b465ee728b)
Start importing Assets/Prototype Collection/Assets/Textures/Cone/Cone_Old_Normal.png using Guid(b16ef90de28d132479bb097ff346bf88) Importer(815301076,1909f56bfc062723c751e8b465ee728b) (PreviewImporter) -> (artifact id: 'bd54260bb8cd43ee62b738d897367d92') in 0.3268783 seconds
Number of updated asset objects reloaded before import = 0Number of asset objects unloaded after import = 2

========================================================================
Received Import Request.
  Time since last request: 0.000041 seconds.
  path: Assets/Prototype Collection/Assets/Textures/Cone/Cone_Used_BaseColor.png
  artifactKey: Guid(6a044c737a7282e48824c4634d9894ae) Importer(815301076,1909f56bfc062723c751e8b465ee728b)
Start importing Assets/Prototype Collection/Assets/Textures/Cone/Cone_Used_BaseColor.png using Guid(6a044c737a7282e48824c4634d9894ae) Importer(815301076,1909f56bfc062723c751e8b465ee728b) (PreviewImporter) -> (artifact id: 'e07fb41b00af5b6494af4930049700da') in 0.3188568 seconds
Number of updated asset objects reloaded before import = 0Number of asset objects unloaded after import = 2

========================================================================
Received Import Request.
  Time since last request: 0.000027 seconds.
  path: Assets/Prototype Collection/Assets/Textures/Cone/Cone_Clean_Scattering.png
  artifactKey: Guid(6cc1ea8227779804992852ed87c043ac) Importer(815301076,1909f56bfc062723c751e8b465ee728b)
Start importing Assets/Prototype Collection/Assets/Textures/Cone/Cone_Clean_Scattering.png using Guid(6cc1ea8227779804992852ed87c043ac) Importer(815301076,1909f56bfc062723c751e8b465ee728b) (PreviewImporter) -> (artifact id: '117f25fc65746f68a3b337b12c3aabb0') in 0.1646185 seconds
Number of updated asset objects reloaded before import = 0Number of asset objects unloaded after import = 2

Editor requested this worker to shutdown with reason: Scaling down because of idle timeout
AssetImportWorker is now disconnected from the server
Process exiting
Exiting without the bug reporter. Application will terminate with return code 0