Using pre-set license
Built from '6000.1/staging' branch; Version is '6000.1.10f1 (3c681a6c22ff) revision 3958810'; Using compiler version '194234433'; Build Type 'Release'
OS: 'Windows 11  (10.0.26100) 64bit CoreSingleLanguage' Language: 'en' Physical Memory: 15724 MB
BatchMode: 1, IsHumanControllingUs: 0, StartBugReporterOnCrash: 0, Is64bit: 1, IsPro: 1
Date: 2025-10-18T15:57:07Z

COMMAND LINE ARGUMENTS:
C:\Program Files\Unity\Hub\Editor\6000.1.10f1\Editor\Unity.exe
-adb2
-batchMode
-noUpm
-name
AssetImportWorker7
-projectPath
C:/Users/kan/ปลายv2
-logFile
Logs/AssetImportWorker7.log
-srvPort
50159
-job-worker-count
7
-background-job-worker-count
8
-gc-helper-count
1
-name
AssetImport
Successfully changed project path to: C:/Users/kan/ปลายv2
C:/Users/kan/ปลายv2
[UnityMemory] Configuration Parameters - Can be set up in boot.config
    "memorysetup-allocator-temp-initial-block-size-main=262144"
    "memorysetup-allocator-temp-initial-block-size-worker=262144"
    "memorysetup-bucket-allocator-granularity=16"
    "memorysetup-bucket-allocator-bucket-count=8"
    "memorysetup-bucket-allocator-block-size=33554432"
    "memorysetup-bucket-allocator-block-count=8"
    "memorysetup-main-allocator-block-size=16777216"
    "memorysetup-thread-allocator-block-size=16777216"
    "memorysetup-gfx-main-allocator-block-size=16777216"
    "memorysetup-gfx-thread-allocator-block-size=16777216"
    "memorysetup-cache-allocator-block-size=4194304"
    "memorysetup-typetree-allocator-block-size=2097152"
    "memorysetup-profiler-bucket-allocator-granularity=16"
    "memorysetup-profiler-bucket-allocator-bucket-count=8"
    "memorysetup-profiler-bucket-allocator-block-size=33554432"
    "memorysetup-profiler-bucket-allocator-block-count=8"
    "memorysetup-profiler-allocator-block-size=16777216"
    "memorysetup-profiler-editor-allocator-block-size=1048576"
    "memorysetup-temp-allocator-size-main=16777216"
    "memorysetup-job-temp-allocator-block-size=2097152"
    "memorysetup-job-temp-allocator-block-size-background=1048576"
    "memorysetup-job-temp-allocator-reduction-small-platforms=262144"
    "memorysetup-temp-allocator-size-background-worker=32768"
    "memorysetup-temp-allocator-size-job-worker=262144"
    "memorysetup-temp-allocator-size-preload-manager=33554432"
    "memorysetup-temp-allocator-size-nav-mesh-worker=65536"
    "memorysetup-temp-allocator-size-audio-worker=65536"
    "memorysetup-temp-allocator-size-cloud-worker=32768"
    "memorysetup-temp-allocator-size-gi-baking-worker=262144"
    "memorysetup-temp-allocator-size-gi-baking-worker=262144"
    "memorysetup-temp-allocator-size-gi-baking-worker=262144"
    "memorysetup-temp-allocator-size-gi-baking-worker=262144"
    "memorysetup-temp-allocator-size-gi-baking-worker=262144"
    "memorysetup-temp-allocator-size-gfx=262144"
Player connection [32040]  Target information:

Player connection [32040]  * "[IP] 26.195.73.118 [Port] 0 [Flags] 2 [Guid] 4115472207 [EditorId] 4115472207 [Version] 1048832 [Id] WindowsEditor(7,DESKTOP-56MI629) [Debug] 1 [PackageName] WindowsEditor [ProjectName] Editor" 

Player connection [32040]  * "[IP] 192.168.1.107 [Port] 0 [Flags] 2 [Guid] 4115472207 [EditorId] 4115472207 [Version] 1048832 [Id] WindowsEditor(7,DESKTOP-56MI629) [Debug] 1 [PackageName] WindowsEditor [ProjectName] Editor" 

Player connection [32040] Host joined multi-casting on [225.0.0.222:54997]...
Player connection [32040] Host joined alternative multi-casting on [225.0.0.222:34997]...
JobSystem: Creating JobQueue using job-worker-count value 7
Input System module state changed to: Initialized.
[Physics::Module] Initialized fallback backend.
[Physics::Module] Id: 0xdecafbad
Library Redirect Path: Library/
[Physics::Module] Selected backend.
[Physics::Module] Name: PhysX
[Physics::Module] Id: 0xf2b8ea05
[Physics::Module] SDK Version: 4.1.2
[Physics::Module] Integration Version: 1.0.0
[Physics::Module] Threading Mode: Multi-Threaded
Refreshing native plugins compatible for Editor in 12.02 ms, found 3 plugins.
Preloading 0 native plugins for Editor in 0.00 ms.
Initialize engine version: 6000.1.10f1 (3c681a6c22ff)
[Subsystems] Discovering subsystems at path C:/Program Files/Unity/Hub/Editor/6000.1.10f1/Editor/Data/Resources/UnitySubsystems
[Subsystems] Discovering subsystems at path C:/Users/kan/ปลายv2/Assets
GfxDevice: creating device client; kGfxThreadingModeNonThreaded
Direct3D:
    Version:  Direct3D 11.0 [level 11.1]
    Renderer: NVIDIA GeForce RTX 3060 Laptop GPU (ID=0x2520)
    Vendor:   NVIDIA
    VRAM:     5996 MB
    Driver:   32.0.15.8129
Initialize mono
Mono path[0] = 'C:/Program Files/Unity/Hub/Editor/6000.1.10f1/Editor/Data/Managed'
Mono path[1] = 'C:/Program Files/Unity/Hub/Editor/6000.1.10f1/Editor/Data/MonoBleedingEdge/lib/mono/unityjit-win32'
Mono config path = 'C:/Program Files/Unity/Hub/Editor/6000.1.10f1/Editor/Data/MonoBleedingEdge/etc'
Using monoOptions --debugger-agent=transport=dt_socket,embedding=1,server=y,suspend=n,address=127.0.0.1:56488
Begin MonoManager ReloadAssembly
Registering precompiled unity dll's ...
Register platform support module: C:/Program Files/Unity/Hub/Editor/6000.1.10f1/Editor/Data/PlaybackEngines/WindowsStandaloneSupport/UnityEditor.WindowsStandalone.Extensions.dll
Register platform support module: C:/Program Files/Unity/Hub/Editor/6000.1.10f1/Editor/Data/PlaybackEngines/AndroidPlayer/UnityEditor.Android.Extensions.dll
Registered in 0.003524 seconds.
- Loaded All Assemblies, in  0.452 seconds
Native extension for Android target not found
Android Extension - Scanning For ADB Devices 260 ms
Native extension for WindowsStandalone target not found
Mono: successfully reloaded assembly
- Finished resetting the current domain, in  0.795 seconds
Domain Reload Profiling: 1243ms
	BeginReloadAssembly (139ms)
		ExecutionOrderSort (0ms)
		DisableScriptedObjects (0ms)
		BackupInstance (0ms)
		ReleaseScriptingObjects (0ms)
		CreateAndSetChildDomain (1ms)
	RebuildCommonClasses (45ms)
	RebuildNativeTypeToScriptingClass (13ms)
	initialDomainReloadingComplete (62ms)
	LoadAllAssembliesAndSetupDomain (189ms)
		LoadAssemblies (135ms)
		RebuildTransferFunctionScriptingTraits (0ms)
		AnalyzeDomain (184ms)
			TypeCache.Refresh (182ms)
				TypeCache.ScanAssembly (169ms)
			BuildScriptInfoCaches (0ms)
			ResolveRequiredComponents (0ms)
	FinalizeReload (795ms)
		ReleaseScriptCaches (0ms)
		RebuildScriptCaches (0ms)
		SetupLoadedEditorAssemblies (744ms)
			LogAssemblyErrors (0ms)
			InitializePlatformSupportModulesInManaged (370ms)
			SetLoadedEditorAssemblies (4ms)
			BeforeProcessingInitializeOnLoad (142ms)
			ProcessInitializeOnLoadAttributes (151ms)
			ProcessInitializeOnLoadMethodAttributes (77ms)
			AfterProcessingInitializeOnLoad (0ms)
			EditorAssembliesLoaded (0ms)
		ExecutionOrderSort2 (0ms)
		AwakeInstancesAfterBackupRestoration (0ms)
========================================================================
Worker process is ready to serve import requests
Import Worker Mode flag is 0x00
Begin MonoManager ReloadAssembly
- Loaded All Assemblies, in  0.777 seconds
Refreshing native plugins compatible for Editor in 1.18 ms, found 3 plugins.
Native extension for Android target not found
Native extension for WindowsStandalone target not found
Mono: successfully reloaded assembly
- Finished resetting the current domain, in  0.602 seconds
Domain Reload Profiling: 1375ms
	BeginReloadAssembly (213ms)
		ExecutionOrderSort (0ms)
		DisableScriptedObjects (6ms)
		BackupInstance (0ms)
		ReleaseScriptingObjects (0ms)
		CreateAndSetChildDomain (37ms)
	RebuildCommonClasses (56ms)
	RebuildNativeTypeToScriptingClass (12ms)
	initialDomainReloadingComplete (50ms)
	LoadAllAssembliesAndSetupDomain (440ms)
		LoadAssemblies (356ms)
		RebuildTransferFunctionScriptingTraits (0ms)
		AnalyzeDomain (205ms)
			TypeCache.Refresh (168ms)
				TypeCache.ScanAssembly (155ms)
			BuildScriptInfoCaches (29ms)
			ResolveRequiredComponents (5ms)
	FinalizeReload (603ms)
		ReleaseScriptCaches (0ms)
		RebuildScriptCaches (0ms)
		SetupLoadedEditorAssemblies (473ms)
			LogAssemblyErrors (0ms)
			InitializePlatformSupportModulesInManaged (12ms)
			SetLoadedEditorAssemblies (4ms)
			BeforeProcessingInitializeOnLoad (107ms)
			ProcessInitializeOnLoadAttributes (314ms)
			ProcessInitializeOnLoadMethodAttributes (29ms)
			AfterProcessingInitializeOnLoad (7ms)
			EditorAssembliesLoaded (0ms)
		ExecutionOrderSort2 (0ms)
		AwakeInstancesAfterBackupRestoration (7ms)
Launched and connected shader compiler UnityShaderCompiler.exe after 0.05 seconds
Refreshing native plugins compatible for Editor in 1.36 ms, found 3 plugins.
Preloading 0 native plugins for Editor in 0.00 ms.
Unloading 8 Unused Serialized files (Serialized files now loaded: 0)
Unloading 3423 unused Assets / (0.9 MB). Loaded Objects now: 3914.
Memory consumption went from 81.1 MB to 80.1 MB.
Total: 7.812400 ms (FindLiveObjects: 0.637600 ms CreateObjectMapping: 0.544200 ms MarkObjects: 5.688200 ms  DeleteObjects: 0.938900 ms)

========================================================================
Received Import Request.
  Time since last request: 191037.701088 seconds.
  path: Assets/Prototype Collection/Assets/Textures/Blocks/Block_Barrier_1_Bare_MaskMap.png
  artifactKey: Guid(1679efd9d2cb16849a40481653fc265d) Importer(815301076,1909f56bfc062723c751e8b465ee728b)
Start importing Assets/Prototype Collection/Assets/Textures/Blocks/Block_Barrier_1_Bare_MaskMap.png using Guid(1679efd9d2cb16849a40481653fc265d) Importer(815301076,1909f56bfc062723c751e8b465ee728b) (PreviewImporter) -> (artifact id: '7c9e0ef8eb148fd4e9c16286f96145e4') in 0.5112673 seconds
Number of updated asset objects reloaded before import = 0Number of asset objects unloaded after import = 2

========================================================================
Received Import Request.
  Time since last request: 0.000052 seconds.
  path: Assets/Prototype Collection/Assets/Textures/Blocks/Block_Barrier_2_Bare_BaseColor.png
  artifactKey: Guid(e5022d5e1c28ad64d9f1af8f60d95e4c) Importer(815301076,1909f56bfc062723c751e8b465ee728b)
Start importing Assets/Prototype Collection/Assets/Textures/Blocks/Block_Barrier_2_Bare_BaseColor.png using Guid(e5022d5e1c28ad64d9f1af8f60d95e4c) Importer(815301076,1909f56bfc062723c751e8b465ee728b) (PreviewImporter) -> (artifact id: '48b9575dd1de9bf8476ada568467227f') in 0.2485828 seconds
Number of updated asset objects reloaded before import = 0Number of asset objects unloaded after import = 2

========================================================================
Received Import Request.
  Time since last request: 0.000038 seconds.
  path: Assets/Prototype Collection/Assets/Textures/Blocks/Block_Trim_RedStripes_BaseColor.png
  artifactKey: Guid(d513f63fac151d8469442940b87c4656) Importer(815301076,1909f56bfc062723c751e8b465ee728b)
Start importing Assets/Prototype Collection/Assets/Textures/Blocks/Block_Trim_RedStripes_BaseColor.png using Guid(d513f63fac151d8469442940b87c4656) Importer(815301076,1909f56bfc062723c751e8b465ee728b) (PreviewImporter) -> (artifact id: '884513c71e92d0c187428c9abdbed21f') in 0.0717205 seconds
Number of updated asset objects reloaded before import = 0Number of asset objects unloaded after import = 2

========================================================================
Received Import Request.
  Time since last request: 0.000027 seconds.
  path: Assets/Prototype Collection/Assets/Textures/Blocks/Block_Parking_Bare_BaseColor.png
  artifactKey: Guid(6501b9aa4aadae843b348e9baa122845) Importer(815301076,1909f56bfc062723c751e8b465ee728b)
Start importing Assets/Prototype Collection/Assets/Textures/Blocks/Block_Parking_Bare_BaseColor.png using Guid(6501b9aa4aadae843b348e9baa122845) Importer(815301076,1909f56bfc062723c751e8b465ee728b) (PreviewImporter) -> (artifact id: 'edcc6ec5190bad57920329ff4b9486cd') in 0.0742306 seconds
Number of updated asset objects reloaded before import = 0Number of asset objects unloaded after import = 2

========================================================================
Received Import Request.
  Time since last request: 0.000025 seconds.
  path: Assets/Prototype Collection/Assets/Textures/Blocks/Block_Cube_RedStripes_BaseColor.png
  artifactKey: Guid(5fd115cafb82d5b4b8a967efea436908) Importer(815301076,1909f56bfc062723c751e8b465ee728b)
Start importing Assets/Prototype Collection/Assets/Textures/Blocks/Block_Cube_RedStripes_BaseColor.png using Guid(5fd115cafb82d5b4b8a967efea436908) Importer(815301076,1909f56bfc062723c751e8b465ee728b) (PreviewImporter) -> (artifact id: '7688408211c6b287b4fa508ab1db23c0') in 0.079 seconds
Number of updated asset objects reloaded before import = 0Number of asset objects unloaded after import = 2

========================================================================
Received Import Request.
  Time since last request: 0.000027 seconds.
  path: Assets/Prototype Collection/Assets/Textures/Blocks/Block_Parking_RedStripes_MaskMap.png
  artifactKey: Guid(d4a7ef14b93d94b42ae0c88402e101ba) Importer(815301076,1909f56bfc062723c751e8b465ee728b)
Start importing Assets/Prototype Collection/Assets/Textures/Blocks/Block_Parking_RedStripes_MaskMap.png using Guid(d4a7ef14b93d94b42ae0c88402e101ba) Importer(815301076,1909f56bfc062723c751e8b465ee728b) (PreviewImporter) -> (artifact id: '7e57bee1a034644c3a80431a169e9083') in 0.0612597 seconds
Number of updated asset objects reloaded before import = 0Number of asset objects unloaded after import = 2

========================================================================
Received Import Request.
  Time since last request: 0.000045 seconds.
  path: Assets/Prototype Collection/Assets/Textures/Blocks/Block_Barrier_2_YellowStrips_Normal.png
  artifactKey: Guid(8e59918724cc3294aad5d89b6ed03d84) Importer(815301076,1909f56bfc062723c751e8b465ee728b)
Start importing Assets/Prototype Collection/Assets/Textures/Blocks/Block_Barrier_2_YellowStrips_Normal.png using Guid(8e59918724cc3294aad5d89b6ed03d84) Importer(815301076,1909f56bfc062723c751e8b465ee728b) (PreviewImporter) -> (artifact id: 'd026f6b28e1885735d946991f956ddb3') in 0.3216607 seconds
Number of updated asset objects reloaded before import = 0Number of asset objects unloaded after import = 2

========================================================================
Received Import Request.
  Time since last request: 0.000038 seconds.
  path: Assets/Prototype Collection/Assets/Textures/Blocks/Block_Cube_Bare_BaseColor.png
  artifactKey: Guid(0f448cc77a8cf5440be8974eae701d73) Importer(815301076,1909f56bfc062723c751e8b465ee728b)
Start importing Assets/Prototype Collection/Assets/Textures/Blocks/Block_Cube_Bare_BaseColor.png using Guid(0f448cc77a8cf5440be8974eae701d73) Importer(815301076,1909f56bfc062723c751e8b465ee728b) (PreviewImporter) -> (artifact id: '45a8edc21772b4806cc93cd5212134de') in 0.0796081 seconds
Number of updated asset objects reloaded before import = 0Number of asset objects unloaded after import = 2

========================================================================
Received Import Request.
  Time since last request: 0.000053 seconds.
  path: Assets/Prototype Collection/Assets/Textures/Blocks/Block_Barrier_2_YellowStrips_MaskMap.png
  artifactKey: Guid(8ce5f66d2cdd0224988369c01da4e1a7) Importer(815301076,1909f56bfc062723c751e8b465ee728b)
Start importing Assets/Prototype Collection/Assets/Textures/Blocks/Block_Barrier_2_YellowStrips_MaskMap.png using Guid(8ce5f66d2cdd0224988369c01da4e1a7) Importer(815301076,1909f56bfc062723c751e8b465ee728b) (PreviewImporter) -> (artifact id: '2dcb6a3615e3427eae7cf57a52edfc4c') in 0.2125163 seconds
Number of updated asset objects reloaded before import = 0Number of asset objects unloaded after import = 2

========================================================================
Received Import Request.
  Time since last request: 0.000063 seconds.
  path: Assets/Prototype Collection/Assets/Textures/Blocks/Block_Trim_Bare_MaskMap.png
  artifactKey: Guid(b468f80a196d2594b94f3fc95933a6a0) Importer(815301076,1909f56bfc062723c751e8b465ee728b)
Start importing Assets/Prototype Collection/Assets/Textures/Blocks/Block_Trim_Bare_MaskMap.png using Guid(b468f80a196d2594b94f3fc95933a6a0) Importer(815301076,1909f56bfc062723c751e8b465ee728b) (PreviewImporter) -> (artifact id: '01a01849fd5b4b4ab46631da2e371507') in 0.0821528 seconds
Number of updated asset objects reloaded before import = 0Number of asset objects unloaded after import = 2

========================================================================
Received Import Request.
  Time since last request: 0.000036 seconds.
  path: Assets/Prototype Collection/Assets/Textures/Blocks/Block_Barrier_1_RedStrips_MaskMap.png
  artifactKey: Guid(e30c8d1cbf911fc41839f6c0b2127af7) Importer(815301076,1909f56bfc062723c751e8b465ee728b)
Start importing Assets/Prototype Collection/Assets/Textures/Blocks/Block_Barrier_1_RedStrips_MaskMap.png using Guid(e30c8d1cbf911fc41839f6c0b2127af7) Importer(815301076,1909f56bfc062723c751e8b465ee728b) (PreviewImporter) -> (artifact id: 'b6482e9e1a999307a63b1a1f22603588') in 0.2111622 seconds
Number of updated asset objects reloaded before import = 0Number of asset objects unloaded after import = 2

========================================================================
Received Import Request.
  Time since last request: 0.000070 seconds.
  path: Assets/Prototype Collection/Assets/Textures/Blocks/Block_Cube_RedStripes_MaskMap.png
  artifactKey: Guid(fba66074050675f4ca31017fc2f6e247) Importer(815301076,1909f56bfc062723c751e8b465ee728b)
Start importing Assets/Prototype Collection/Assets/Textures/Blocks/Block_Cube_RedStripes_MaskMap.png using Guid(fba66074050675f4ca31017fc2f6e247) Importer(815301076,1909f56bfc062723c751e8b465ee728b) (PreviewImporter) -> (artifact id: 'c4e9e202429d81b81d1b6e03cdf83494') in 0.0608019 seconds
Number of updated asset objects reloaded before import = 0Number of asset objects unloaded after import = 2

========================================================================
Received Import Request.
  Time since last request: 0.000047 seconds.
  path: Assets/Prototype Collection/Assets/Textures/Blocks/Block_Barrier_2_RedStrips_MaskMap.png
  artifactKey: Guid(e564a5499cb12b14083f60c03d04f36b) Importer(815301076,1909f56bfc062723c751e8b465ee728b)
Start importing Assets/Prototype Collection/Assets/Textures/Blocks/Block_Barrier_2_RedStrips_MaskMap.png using Guid(e564a5499cb12b14083f60c03d04f36b) Importer(815301076,1909f56bfc062723c751e8b465ee728b) (PreviewImporter) -> (artifact id: 'c138a5c5121a29d07719a9a1a2186879') in 0.2393664 seconds
Number of updated asset objects reloaded before import = 0Number of asset objects unloaded after import = 2

========================================================================
Received Import Request.
  Time since last request: 0.000035 seconds.
  path: Assets/Prototype Collection/Assets/Textures/Blocks/Block_Barrier_1_YellowStrips_MaskMap.png
  artifactKey: Guid(c091f6ba7f896b840a7d4066b24610e1) Importer(815301076,1909f56bfc062723c751e8b465ee728b)
Start importing Assets/Prototype Collection/Assets/Textures/Blocks/Block_Barrier_1_YellowStrips_MaskMap.png using Guid(c091f6ba7f896b840a7d4066b24610e1) Importer(815301076,1909f56bfc062723c751e8b465ee728b) (PreviewImporter) -> (artifact id: 'eb45ae732989fc3ed70a390f636ae843') in 0.191298 seconds
Number of updated asset objects reloaded before import = 0Number of asset objects unloaded after import = 2

========================================================================
Received Import Request.
  Time since last request: 0.000050 seconds.
  path: Assets/Prototype Collection/Assets/Textures/Blocks/Block_Parking_YellowStripes_MaskMap.png
  artifactKey: Guid(fa4af2e15649e2148a1c687e4eb2a6ab) Importer(815301076,1909f56bfc062723c751e8b465ee728b)
Start importing Assets/Prototype Collection/Assets/Textures/Blocks/Block_Parking_YellowStripes_MaskMap.png using Guid(fa4af2e15649e2148a1c687e4eb2a6ab) Importer(815301076,1909f56bfc062723c751e8b465ee728b) (PreviewImporter) -> (artifact id: 'c00f3b773648fc78b5fb8aaa3d636b7d') in 0.0711432 seconds
Number of updated asset objects reloaded before import = 0Number of asset objects unloaded after import = 2

========================================================================
Received Import Request.
  Time since last request: 0.001090 seconds.
  path: Assets/Prototype Collection/Assets/Textures/Blocks/Block_Barrier_2_Bare_Normal.png
  artifactKey: Guid(44ee4779e0c9b714aae70d3a9d64ebe1) Importer(815301076,1909f56bfc062723c751e8b465ee728b)
Start importing Assets/Prototype Collection/Assets/Textures/Blocks/Block_Barrier_2_Bare_Normal.png using Guid(44ee4779e0c9b714aae70d3a9d64ebe1) Importer(815301076,1909f56bfc062723c751e8b465ee728b) (PreviewImporter) -> (artifact id: '065b5cfc9d4fceb2cbdc850f3aa89394') in 0.3322969 seconds
Number of updated asset objects reloaded before import = 0Number of asset objects unloaded after import = 2

========================================================================
Received Import Request.
  Time since last request: 0.000056 seconds.
  path: Assets/Prototype Collection/Assets/Textures/Blocks/Block_Trim_Bare_BaseColor.png
  artifactKey: Guid(6ce3bafdb50ceb64385c13ca50742232) Importer(815301076,1909f56bfc062723c751e8b465ee728b)
Start importing Assets/Prototype Collection/Assets/Textures/Blocks/Block_Trim_Bare_BaseColor.png using Guid(6ce3bafdb50ceb64385c13ca50742232) Importer(815301076,1909f56bfc062723c751e8b465ee728b) (PreviewImporter) -> (artifact id: '14407a69b65538a4989f261efc11b8c6') in 0.0995184 seconds
Number of updated asset objects reloaded before import = 0Number of asset objects unloaded after import = 2

========================================================================
Received Import Request.
  Time since last request: 0.000054 seconds.
  path: Assets/Prototype Collection/Assets/Textures/Blocks/Block_Trim_RedStripes_MaskMap.png
  artifactKey: Guid(622f6c752d056e04d9898e55e97d1131) Importer(815301076,1909f56bfc062723c751e8b465ee728b)
Start importing Assets/Prototype Collection/Assets/Textures/Blocks/Block_Trim_RedStripes_MaskMap.png using Guid(622f6c752d056e04d9898e55e97d1131) Importer(815301076,1909f56bfc062723c751e8b465ee728b) (PreviewImporter) -> (artifact id: '3fe2d6269122f44069a8b4a14cbe103c') in 0.0756603 seconds
Number of updated asset objects reloaded before import = 0Number of asset objects unloaded after import = 2

========================================================================
Received Import Request.
  Time since last request: 0.000024 seconds.
  path: Assets/Prototype Collection/Assets/Textures/Blocks/Block_Parking_RedStripes_BaseColor.png
  artifactKey: Guid(c21db01aa0d02134cbbb3582ded2042a) Importer(815301076,1909f56bfc062723c751e8b465ee728b)
Start importing Assets/Prototype Collection/Assets/Textures/Blocks/Block_Parking_RedStripes_BaseColor.png using Guid(c21db01aa0d02134cbbb3582ded2042a) Importer(815301076,1909f56bfc062723c751e8b465ee728b) (PreviewImporter) -> (artifact id: 'dd744b70cacd34d7f01478a0ca1577c8') in 0.067627 seconds
Number of updated asset objects reloaded before import = 0Number of asset objects unloaded after import = 2

========================================================================
Received Import Request.
  Time since last request: 0.000126 seconds.
  path: Assets/Prototype Collection/Assets/Textures/Blocks/Block_Parking_RedStripes_Normal.png
  artifactKey: Guid(947157c317adb004c956c76ca125b931) Importer(815301076,1909f56bfc062723c751e8b465ee728b)
Start importing Assets/Prototype Collection/Assets/Textures/Blocks/Block_Parking_RedStripes_Normal.png using Guid(947157c317adb004c956c76ca125b931) Importer(815301076,1909f56bfc062723c751e8b465ee728b) (PreviewImporter) -> (artifact id: 'becfb7a7d9cd45d2532109ba0358314f') in 0.2057262 seconds
Number of updated asset objects reloaded before import = 0Number of asset objects unloaded after import = 2

========================================================================
Received Import Request.
  Time since last request: 0.000039 seconds.
  path: Assets/Prototype Collection/Assets/Textures/Blocks/Block_Barrier_1_YellowStrips_BaseColor.png
  artifactKey: Guid(88e6293879baa08408510765b1628515) Importer(815301076,1909f56bfc062723c751e8b465ee728b)
Start importing Assets/Prototype Collection/Assets/Textures/Blocks/Block_Barrier_1_YellowStrips_BaseColor.png using Guid(88e6293879baa08408510765b1628515) Importer(815301076,1909f56bfc062723c751e8b465ee728b) (PreviewImporter) -> (artifact id: '2732130061ef015844ad3c2c8ed66bb3') in 0.1255882 seconds
Number of updated asset objects reloaded before import = 0Number of asset objects unloaded after import = 2

========================================================================
Received Import Request.
  Time since last request: 0.000043 seconds.
  path: Assets/Prototype Collection/Assets/Textures/Blocks/Block_Parking_YellowStripes_Normal.png
  artifactKey: Guid(da3035b5760471b4789fceb947141d2b) Importer(815301076,1909f56bfc062723c751e8b465ee728b)
Start importing Assets/Prototype Collection/Assets/Textures/Blocks/Block_Parking_YellowStripes_Normal.png using Guid(da3035b5760471b4789fceb947141d2b) Importer(815301076,1909f56bfc062723c751e8b465ee728b) (PreviewImporter) -> (artifact id: 'b930b140800458fff1427cfb42698a45') in 0.1883388 seconds
Number of updated asset objects reloaded before import = 0Number of asset objects unloaded after import = 2

Editor requested this worker to shutdown with reason: Scaling down because of idle timeout
AssetImportWorker is now disconnected from the server
Process exiting
Exiting without the bug reporter. Application will terminate with return code 0