Using pre-set license
Built from '6000.1/staging' branch; Version is '6000.1.10f1 (3c681a6c22ff) revision 3958810'; Using compiler version '194234433'; Build Type 'Release'
OS: 'Windows 11  (10.0.26100) 64bit CoreSingleLanguage' Language: 'en' Physical Memory: 15724 MB
BatchMode: 1, IsHumanControllingUs: 0, StartBugReporterOnCrash: 0, Is64bit: 1, IsPro: 1
Date: 2025-10-18T15:02:49Z

COMMAND LINE ARGUMENTS:
C:\Program Files\Unity\Hub\Editor\6000.1.10f1\Editor\Unity.exe
-adb2
-batchMode
-noUpm
-name
AssetImportWorker3
-projectPath
C:/Users/kan/ปลายv2
-logFile
Logs/AssetImportWorker3.log
-srvPort
50159
-job-worker-count
7
-background-job-worker-count
8
-gc-helper-count
1
-name
AssetImport
Successfully changed project path to: C:/Users/kan/ปลายv2
C:/Users/kan/ปลายv2
[UnityMemory] Configuration Parameters - Can be set up in boot.config
    "memorysetup-allocator-temp-initial-block-size-main=262144"
    "memorysetup-allocator-temp-initial-block-size-worker=262144"
    "memorysetup-bucket-allocator-granularity=16"
    "memorysetup-bucket-allocator-bucket-count=8"
    "memorysetup-bucket-allocator-block-size=33554432"
    "memorysetup-bucket-allocator-block-count=8"
    "memorysetup-main-allocator-block-size=16777216"
    "memorysetup-thread-allocator-block-size=16777216"
    "memorysetup-gfx-main-allocator-block-size=16777216"
    "memorysetup-gfx-thread-allocator-block-size=16777216"
    "memorysetup-cache-allocator-block-size=4194304"
    "memorysetup-typetree-allocator-block-size=2097152"
    "memorysetup-profiler-bucket-allocator-granularity=16"
    "memorysetup-profiler-bucket-allocator-bucket-count=8"
    "memorysetup-profiler-bucket-allocator-block-size=33554432"
    "memorysetup-profiler-bucket-allocator-block-count=8"
    "memorysetup-profiler-allocator-block-size=16777216"
    "memorysetup-profiler-editor-allocator-block-size=1048576"
    "memorysetup-temp-allocator-size-main=16777216"
    "memorysetup-job-temp-allocator-block-size=2097152"
    "memorysetup-job-temp-allocator-block-size-background=1048576"
    "memorysetup-job-temp-allocator-reduction-small-platforms=262144"
    "memorysetup-temp-allocator-size-background-worker=32768"
    "memorysetup-temp-allocator-size-job-worker=262144"
    "memorysetup-temp-allocator-size-preload-manager=33554432"
    "memorysetup-temp-allocator-size-nav-mesh-worker=65536"
    "memorysetup-temp-allocator-size-audio-worker=65536"
    "memorysetup-temp-allocator-size-cloud-worker=32768"
    "memorysetup-temp-allocator-size-gi-baking-worker=262144"
    "memorysetup-temp-allocator-size-gi-baking-worker=262144"
    "memorysetup-temp-allocator-size-gi-baking-worker=262144"
    "memorysetup-temp-allocator-size-gi-baking-worker=262144"
    "memorysetup-temp-allocator-size-gi-baking-worker=262144"
    "memorysetup-temp-allocator-size-gfx=262144"
Player connection [27864]  Target information:

Player connection [27864]  * "[IP] 26.195.73.118 [Port] 0 [Flags] 2 [Guid] 3450787888 [EditorId] 3450787888 [Version] 1048832 [Id] WindowsEditor(7,DESKTOP-56MI629) [Debug] 1 [PackageName] WindowsEditor [ProjectName] Editor" 

Player connection [27864]  * "[IP] 192.168.1.107 [Port] 0 [Flags] 2 [Guid] 3450787888 [EditorId] 3450787888 [Version] 1048832 [Id] WindowsEditor(7,DESKTOP-56MI629) [Debug] 1 [PackageName] WindowsEditor [ProjectName] Editor" 

Player connection [27864] Host joined multi-casting on [225.0.0.222:54997]...
Player connection [27864] Host joined alternative multi-casting on [225.0.0.222:34997]...
JobSystem: Creating JobQueue using job-worker-count value 7
Input System module state changed to: Initialized.
[Physics::Module] Initialized fallback backend.
[Physics::Module] Id: 0xdecafbad
Library Redirect Path: Library/
[Physics::Module] Selected backend.
[Physics::Module] Name: PhysX
[Physics::Module] Id: 0xf2b8ea05
[Physics::Module] SDK Version: 4.1.2
[Physics::Module] Integration Version: 1.0.0
[Physics::Module] Threading Mode: Multi-Threaded
Refreshing native plugins compatible for Editor in 3.77 ms, found 3 plugins.
Preloading 0 native plugins for Editor in 0.00 ms.
Initialize engine version: 6000.1.10f1 (3c681a6c22ff)
[Subsystems] Discovering subsystems at path C:/Program Files/Unity/Hub/Editor/6000.1.10f1/Editor/Data/Resources/UnitySubsystems
[Subsystems] Discovering subsystems at path C:/Users/kan/ปลายv2/Assets
GfxDevice: creating device client; kGfxThreadingModeNonThreaded
Direct3D:
    Version:  Direct3D 11.0 [level 11.1]
    Renderer: NVIDIA GeForce RTX 3060 Laptop GPU (ID=0x2520)
    Vendor:   NVIDIA
    VRAM:     5996 MB
    Driver:   32.0.15.8129
Initialize mono
Mono path[0] = 'C:/Program Files/Unity/Hub/Editor/6000.1.10f1/Editor/Data/Managed'
Mono path[1] = 'C:/Program Files/Unity/Hub/Editor/6000.1.10f1/Editor/Data/MonoBleedingEdge/lib/mono/unityjit-win32'
Mono config path = 'C:/Program Files/Unity/Hub/Editor/6000.1.10f1/Editor/Data/MonoBleedingEdge/etc'
Using monoOptions --debugger-agent=transport=dt_socket,embedding=1,server=y,suspend=n,address=127.0.0.1:56164
Begin MonoManager ReloadAssembly
Registering precompiled unity dll's ...
Register platform support module: C:/Program Files/Unity/Hub/Editor/6000.1.10f1/Editor/Data/PlaybackEngines/WindowsStandaloneSupport/UnityEditor.WindowsStandalone.Extensions.dll
Register platform support module: C:/Program Files/Unity/Hub/Editor/6000.1.10f1/Editor/Data/PlaybackEngines/AndroidPlayer/UnityEditor.Android.Extensions.dll
Registered in 0.003507 seconds.
- Loaded All Assemblies, in  0.550 seconds
Native extension for Android target not found
Android Extension - Scanning For ADB Devices 314 ms
Native extension for WindowsStandalone target not found
Mono: successfully reloaded assembly
- Finished resetting the current domain, in  0.740 seconds
Domain Reload Profiling: 1285ms
	BeginReloadAssembly (228ms)
		ExecutionOrderSort (0ms)
		DisableScriptedObjects (0ms)
		BackupInstance (0ms)
		ReleaseScriptingObjects (0ms)
		CreateAndSetChildDomain (1ms)
	RebuildCommonClasses (54ms)
	RebuildNativeTypeToScriptingClass (15ms)
	initialDomainReloadingComplete (69ms)
	LoadAllAssembliesAndSetupDomain (180ms)
		LoadAssemblies (225ms)
		RebuildTransferFunctionScriptingTraits (0ms)
		AnalyzeDomain (174ms)
			TypeCache.Refresh (172ms)
				TypeCache.ScanAssembly (153ms)
			BuildScriptInfoCaches (0ms)
			ResolveRequiredComponents (1ms)
	FinalizeReload (740ms)
		ReleaseScriptCaches (0ms)
		RebuildScriptCaches (0ms)
		SetupLoadedEditorAssemblies (695ms)
			LogAssemblyErrors (0ms)
			InitializePlatformSupportModulesInManaged (423ms)
			SetLoadedEditorAssemblies (4ms)
			BeforeProcessingInitializeOnLoad (68ms)
			ProcessInitializeOnLoadAttributes (133ms)
			ProcessInitializeOnLoadMethodAttributes (68ms)
			AfterProcessingInitializeOnLoad (0ms)
			EditorAssembliesLoaded (0ms)
		ExecutionOrderSort2 (0ms)
		AwakeInstancesAfterBackupRestoration (0ms)
========================================================================
Worker process is ready to serve import requests
Import Worker Mode flag is 0x00
Begin MonoManager ReloadAssembly
- Loaded All Assemblies, in  0.785 seconds
Refreshing native plugins compatible for Editor in 1.11 ms, found 3 plugins.
Native extension for Android target not found
Native extension for WindowsStandalone target not found
Mono: successfully reloaded assembly
- Finished resetting the current domain, in  0.578 seconds
Domain Reload Profiling: 1358ms
	BeginReloadAssembly (207ms)
		ExecutionOrderSort (0ms)
		DisableScriptedObjects (7ms)
		BackupInstance (0ms)
		ReleaseScriptingObjects (0ms)
		CreateAndSetChildDomain (32ms)
	RebuildCommonClasses (43ms)
	RebuildNativeTypeToScriptingClass (15ms)
	initialDomainReloadingComplete (50ms)
	LoadAllAssembliesAndSetupDomain (465ms)
		LoadAssemblies (372ms)
		RebuildTransferFunctionScriptingTraits (0ms)
		AnalyzeDomain (214ms)
			TypeCache.Refresh (176ms)
				TypeCache.ScanAssembly (161ms)
			BuildScriptInfoCaches (30ms)
			ResolveRequiredComponents (5ms)
	FinalizeReload (579ms)
		ReleaseScriptCaches (0ms)
		RebuildScriptCaches (0ms)
		SetupLoadedEditorAssemblies (457ms)
			LogAssemblyErrors (0ms)
			InitializePlatformSupportModulesInManaged (12ms)
			SetLoadedEditorAssemblies (4ms)
			BeforeProcessingInitializeOnLoad (105ms)
			ProcessInitializeOnLoadAttributes (300ms)
			ProcessInitializeOnLoadMethodAttributes (27ms)
			AfterProcessingInitializeOnLoad (9ms)
			EditorAssembliesLoaded (0ms)
		ExecutionOrderSort2 (0ms)
		AwakeInstancesAfterBackupRestoration (8ms)
Launched and connected shader compiler UnityShaderCompiler.exe after 0.02 seconds
Refreshing native plugins compatible for Editor in 2.27 ms, found 3 plugins.
Preloading 0 native plugins for Editor in 0.00 ms.
Unloading 8 Unused Serialized files (Serialized files now loaded: 0)
Unloading 3421 unused Assets / (1.0 MB). Loaded Objects now: 3912.
Memory consumption went from 80.9 MB to 79.9 MB.
Total: 10.359100 ms (FindLiveObjects: 0.825900 ms CreateObjectMapping: 0.734700 ms MarkObjects: 7.369100 ms  DeleteObjects: 1.424400 ms)

========================================================================
Received Prepare
Begin MonoManager ReloadAssembly
- Loaded All Assemblies, in  3.251 seconds
Refreshing native plugins compatible for Editor in 1.19 ms, found 3 plugins.
Native extension for Android target not found
Native extension for WindowsStandalone target not found
Mono: successfully reloaded assembly
- Finished resetting the current domain, in  0.646 seconds
Domain Reload Profiling: 3889ms
	BeginReloadAssembly (472ms)
		ExecutionOrderSort (0ms)
		DisableScriptedObjects (30ms)
		BackupInstance (0ms)
		ReleaseScriptingObjects (0ms)
		CreateAndSetChildDomain (100ms)
	RebuildCommonClasses (50ms)
	RebuildNativeTypeToScriptingClass (14ms)
	initialDomainReloadingComplete (43ms)
	LoadAllAssembliesAndSetupDomain (2664ms)
		LoadAssemblies (2744ms)
		RebuildTransferFunctionScriptingTraits (0ms)
		AnalyzeDomain (169ms)
			TypeCache.Refresh (11ms)
				TypeCache.ScanAssembly (0ms)
			BuildScriptInfoCaches (148ms)
			ResolveRequiredComponents (5ms)
	FinalizeReload (647ms)
		ReleaseScriptCaches (0ms)
		RebuildScriptCaches (0ms)
		SetupLoadedEditorAssemblies (503ms)
			LogAssemblyErrors (0ms)
			InitializePlatformSupportModulesInManaged (13ms)
			SetLoadedEditorAssemblies (5ms)
			BeforeProcessingInitializeOnLoad (118ms)
			ProcessInitializeOnLoadAttributes (328ms)
			ProcessInitializeOnLoadMethodAttributes (29ms)
			AfterProcessingInitializeOnLoad (10ms)
			EditorAssembliesLoaded (0ms)
		ExecutionOrderSort2 (0ms)
		AwakeInstancesAfterBackupRestoration (11ms)
Refreshing native plugins compatible for Editor in 1.47 ms, found 3 plugins.
Preloading 0 native plugins for Editor in 0.00 ms.
Unloading 0 Unused Serialized files (Serialized files now loaded: 0)
Unloading 3421 unused Assets / (0.8 MB). Loaded Objects now: 3915.
Memory consumption went from 80.1 MB to 79.3 MB.
Total: 10.452800 ms (FindLiveObjects: 0.479400 ms CreateObjectMapping: 0.320400 ms MarkObjects: 8.216400 ms  DeleteObjects: 1.435200 ms)

Prepare: number of updated asset objects reloaded= 0
========================================================================
Received Import Request.
  Time since last request: 189911.400701 seconds.
  path: Assets/Prototype Collection/Assets/EditorResources/APBanner .png
  artifactKey: Guid(7cd417e77a5dd954f81f4cbb93786186) Importer(815301076,1909f56bfc062723c751e8b465ee728b)
Start importing Assets/Prototype Collection/Assets/EditorResources/APBanner .png using Guid(7cd417e77a5dd954f81f4cbb93786186) Importer(815301076,1909f56bfc062723c751e8b465ee728b) (PreviewImporter) -> (artifact id: 'd1d50598da8f26bf462ed052effb93ca') in 0.0985222 seconds
Number of updated asset objects reloaded before import = 0Number of asset objects unloaded after import = 2

========================================================================
Received Import Request.
  Time since last request: 0.000021 seconds.
  path: Assets/Prototype Collection/Assets/EditorResources/BundleBanner.png
  artifactKey: Guid(2e6f99c42f698fb40b05c220d90becbc) Importer(815301076,1909f56bfc062723c751e8b465ee728b)
Start importing Assets/Prototype Collection/Assets/EditorResources/BundleBanner.png using Guid(2e6f99c42f698fb40b05c220d90becbc) Importer(815301076,1909f56bfc062723c751e8b465ee728b) (PreviewImporter) -> (artifact id: 'bb336e99252f9891aeedd1dbd0b6a555') in 0.0216411 seconds
Number of updated asset objects reloaded before import = 0Number of asset objects unloaded after import = 2

========================================================================
Received Import Request.
  Time since last request: 3.655169 seconds.
  path: Assets/Prototype Collection/Assets/FBX/Barrel/Barrel_lod01.fbx
  artifactKey: Guid(12b5821685499dc42b58d3e0bdcd6929) Importer(815301076,1909f56bfc062723c751e8b465ee728b)
Start importing Assets/Prototype Collection/Assets/FBX/Barrel/Barrel_lod01.fbx using Guid(12b5821685499dc42b58d3e0bdcd6929) Importer(815301076,1909f56bfc062723c751e8b465ee728b) (PreviewImporter) -> (artifact id: '667903bf7cd197ec70664770ae743d6e') in 0.1604048 seconds
Number of updated asset objects reloaded before import = 0Number of asset objects unloaded after import = 14

========================================================================
Received Import Request.
  Time since last request: 0.000040 seconds.
  path: Assets/Prototype Collection/Assets/FBX/Barrel/Barrel_lod04.fbx
  artifactKey: Guid(d24e44ece9ccabe4eb7e8349fba1c4bf) Importer(815301076,1909f56bfc062723c751e8b465ee728b)
Start importing Assets/Prototype Collection/Assets/FBX/Barrel/Barrel_lod04.fbx using Guid(d24e44ece9ccabe4eb7e8349fba1c4bf) Importer(815301076,1909f56bfc062723c751e8b465ee728b) (PreviewImporter) -> (artifact id: 'a7f8ac12e188043db6d031b0b77e54d9') in 0.0470032 seconds
Number of updated asset objects reloaded before import = 0Number of asset objects unloaded after import = 14

========================================================================
Received Import Request.
  Time since last request: 0.000030 seconds.
  path: Assets/Prototype Collection/Assets/FBX/Barrel/Barrel_lod03.fbx
  artifactKey: Guid(f19da9b2c54351447bbac56503623250) Importer(815301076,1909f56bfc062723c751e8b465ee728b)
Start importing Assets/Prototype Collection/Assets/FBX/Barrel/Barrel_lod03.fbx using Guid(f19da9b2c54351447bbac56503623250) Importer(815301076,1909f56bfc062723c751e8b465ee728b) (PreviewImporter) -> (artifact id: 'ff3c10c7983672401aa385883f1468df') in 0.0425912 seconds
Number of updated asset objects reloaded before import = 0Number of asset objects unloaded after import = 14

========================================================================
Received Import Request.
  Time since last request: 5.097341 seconds.
  path: Assets/Prototype Collection/Assets/FBX/Barrel Light/Traffic_Light_lod0.fbx
  artifactKey: Guid(2e23f73900936484889ad79b19ca0a4d) Importer(815301076,1909f56bfc062723c751e8b465ee728b)
Start importing Assets/Prototype Collection/Assets/FBX/Barrel Light/Traffic_Light_lod0.fbx using Guid(2e23f73900936484889ad79b19ca0a4d) Importer(815301076,1909f56bfc062723c751e8b465ee728b) (PreviewImporter) -> (artifact id: 'a9f43219cde2b438c873e9233dbbea88') in 0.0240607 seconds
Number of updated asset objects reloaded before import = 0Number of asset objects unloaded after import = 7

========================================================================
Received Import Request.
  Time since last request: 0.000017 seconds.
  path: Assets/Prototype Collection/Assets/FBX/Barrel Light/Traffic_Light_lod01.fbx
  artifactKey: Guid(34bafb09c0f21db4b8504b0e55088a65) Importer(815301076,1909f56bfc062723c751e8b465ee728b)
Start importing Assets/Prototype Collection/Assets/FBX/Barrel Light/Traffic_Light_lod01.fbx using Guid(34bafb09c0f21db4b8504b0e55088a65) Importer(815301076,1909f56bfc062723c751e8b465ee728b) (PreviewImporter) -> (artifact id: '8416aa9865ef66ec0754a632ff2041ce') in 0.0286736 seconds
Number of updated asset objects reloaded before import = 0Number of asset objects unloaded after import = 7

========================================================================
Received Import Request.
  Time since last request: 0.000022 seconds.
  path: Assets/Prototype Collection/Assets/FBX/Barrel Light/Traffic_Light_lod04.fbx
  artifactKey: Guid(ef0a8d44ae696ac4fbc576ed54a69551) Importer(815301076,1909f56bfc062723c751e8b465ee728b)
Start importing Assets/Prototype Collection/Assets/FBX/Barrel Light/Traffic_Light_lod04.fbx using Guid(ef0a8d44ae696ac4fbc576ed54a69551) Importer(815301076,1909f56bfc062723c751e8b465ee728b) (PreviewImporter) -> (artifact id: 'e9cd48eb44cb3096555778256999b509') in 0.0267473 seconds
Number of updated asset objects reloaded before import = 0Number of asset objects unloaded after import = 7

========================================================================
Received Import Request.
  Time since last request: 210.166901 seconds.
  path: Assets/Prototype Collection/Assets/FBX/Blocks/Block_Barrier_2.fbx
  artifactKey: Guid(141223191103e2f4b90b2a7c38038a8c) Importer(815301076,1909f56bfc062723c751e8b465ee728b)
Start importing Assets/Prototype Collection/Assets/FBX/Blocks/Block_Barrier_2.fbx using Guid(141223191103e2f4b90b2a7c38038a8c) Importer(815301076,1909f56bfc062723c751e8b465ee728b) (PreviewImporter) -> (artifact id: '08b9c40773ca0b936d5cec03905d7660') in 0.0271768 seconds
Number of updated asset objects reloaded before import = 0Number of asset objects unloaded after import = 7

========================================================================
Received Import Request.
  Time since last request: 0.000053 seconds.
  path: Assets/Prototype Collection/Assets/FBX/Blocks/Block_Parking_1.fbx
  artifactKey: Guid(684ff352d23ac034dbc63dd89b0cc81d) Importer(815301076,1909f56bfc062723c751e8b465ee728b)
Start importing Assets/Prototype Collection/Assets/FBX/Blocks/Block_Parking_1.fbx using Guid(684ff352d23ac034dbc63dd89b0cc81d) Importer(815301076,1909f56bfc062723c751e8b465ee728b) (PreviewImporter) -> (artifact id: '0abace06ac47bf854dad5daa65fa135a') in 0.0244423 seconds
Number of updated asset objects reloaded before import = 0Number of asset objects unloaded after import = 7

========================================================================
Received Import Request.
  Time since last request: 5.123817 seconds.
  path: Assets/Prototype Collection/Assets/FBX/Channelizing/Channelizing_1_lod02.fbx
  artifactKey: Guid(d81f21369a78df1489a0fdbddb0e634c) Importer(815301076,1909f56bfc062723c751e8b465ee728b)
Start importing Assets/Prototype Collection/Assets/FBX/Channelizing/Channelizing_1_lod02.fbx using Guid(d81f21369a78df1489a0fdbddb0e634c) Importer(815301076,1909f56bfc062723c751e8b465ee728b) (PreviewImporter) -> (artifact id: '8215953aa30063911dac54c04059c8af') in 0.0345956 seconds
Number of updated asset objects reloaded before import = 0Number of asset objects unloaded after import = 14

========================================================================
Received Import Request.
  Time since last request: 0.000016 seconds.
  path: Assets/Prototype Collection/Assets/FBX/Channelizing/Channelizing_1_lod03.fbx
  artifactKey: Guid(66b4896dd74dac14d90c0b8e01d07237) Importer(815301076,1909f56bfc062723c751e8b465ee728b)
Start importing Assets/Prototype Collection/Assets/FBX/Channelizing/Channelizing_1_lod03.fbx using Guid(66b4896dd74dac14d90c0b8e01d07237) Importer(815301076,1909f56bfc062723c751e8b465ee728b) (PreviewImporter) -> (artifact id: 'e6a25fd9acd993398e0ef0915bd1f6a4') in 0.0442003 seconds
Number of updated asset objects reloaded before import = 0Number of asset objects unloaded after import = 14

========================================================================
Received Import Request.
  Time since last request: 1.606538 seconds.
  path: Assets/Prototype Collection/Assets/FBX/Cone/Cone_lod02.fbx
  artifactKey: Guid(0c936dd819b2f8e4f8c55941bb3b5873) Importer(815301076,1909f56bfc062723c751e8b465ee728b)
Start importing Assets/Prototype Collection/Assets/FBX/Cone/Cone_lod02.fbx using Guid(0c936dd819b2f8e4f8c55941bb3b5873) Importer(815301076,1909f56bfc062723c751e8b465ee728b) (PreviewImporter) -> (artifact id: '8af3e408cc06eaeb4669d04d11c1de50') in 0.0263857 seconds
Number of updated asset objects reloaded before import = 0Number of asset objects unloaded after import = 7

========================================================================
Received Import Request.
  Time since last request: 16.575571 seconds.
  path: Assets/Prototype Collection/Assets/Textures/Cone/Cone_Clean_Normal.png
  artifactKey: Guid(ea346a987a53c544c92980133e1d37c1) Importer(815301076,1909f56bfc062723c751e8b465ee728b)
Start importing Assets/Prototype Collection/Assets/Textures/Cone/Cone_Clean_Normal.png using Guid(ea346a987a53c544c92980133e1d37c1) Importer(815301076,1909f56bfc062723c751e8b465ee728b) (PreviewImporter) -> (artifact id: 'd920136913c41b1904403dd22eded3de') in 0.5285994 seconds
Number of updated asset objects reloaded before import = 0Number of asset objects unloaded after import = 2

========================================================================
Received Import Request.
  Time since last request: 0.000051 seconds.
  path: Assets/Prototype Collection/Assets/Textures/Cone/Cone_Old_Scattering.png
  artifactKey: Guid(964a78190642b3c4790a04b97abf7d68) Importer(815301076,1909f56bfc062723c751e8b465ee728b)
Start importing Assets/Prototype Collection/Assets/Textures/Cone/Cone_Old_Scattering.png using Guid(964a78190642b3c4790a04b97abf7d68) Importer(815301076,1909f56bfc062723c751e8b465ee728b) (PreviewImporter) -> (artifact id: 'cbc17f39d3dd566e5f051c491f063f15') in 0.3132163 seconds
Number of updated asset objects reloaded before import = 0Number of asset objects unloaded after import = 2

========================================================================
Received Import Request.
  Time since last request: 0.000041 seconds.
  path: Assets/Prototype Collection/Assets/Textures/Cone/Cone_Old_MaskMap.png
  artifactKey: Guid(b73b60094c1217749aae7e17445dcfe6) Importer(815301076,1909f56bfc062723c751e8b465ee728b)
Start importing Assets/Prototype Collection/Assets/Textures/Cone/Cone_Old_MaskMap.png using Guid(b73b60094c1217749aae7e17445dcfe6) Importer(815301076,1909f56bfc062723c751e8b465ee728b) (PreviewImporter) -> (artifact id: 'e6e93ef76f64201e7328c6e6fa9c5501') in 0.3285759 seconds
Number of updated asset objects reloaded before import = 0Number of asset objects unloaded after import = 2

========================================================================
Received Import Request.
  Time since last request: 0.000042 seconds.
  path: Assets/Prototype Collection/Assets/Textures/Cone/Cone_Used_Normal.png
  artifactKey: Guid(f3edc6853b59c70488f532abda27c963) Importer(815301076,1909f56bfc062723c751e8b465ee728b)
Start importing Assets/Prototype Collection/Assets/Textures/Cone/Cone_Used_Normal.png using Guid(f3edc6853b59c70488f532abda27c963) Importer(815301076,1909f56bfc062723c751e8b465ee728b) (PreviewImporter) -> (artifact id: 'b683f74947363538e847852c4c7d6660') in 0.2679648 seconds
Number of updated asset objects reloaded before import = 0Number of asset objects unloaded after import = 2

Editor requested this worker to shutdown with reason: Scaling down because of idle timeout
AssetImportWorker is now disconnected from the server
Process exiting
Exiting without the bug reporter. Application will terminate with return code 0